<?xml version="1.0" encoding="UTF-8"?>
<testsuite name="com.jeonka.web.HelloControllerTest" tests="2" skipped="0" failures="0" errors="0" timestamp="2021-05-22T08:45:04" hostname="jeongyeong-an-ui-MacBookAir.local" time="0.2">
  <properties/>
  <testcase name="hello가_리턴된다" classname="com.jeonka.web.HelloControllerTest" time="0.053"/>
  <testcase name="helloDto가_리턴된다" classname="com.jeonka.web.HelloControllerTest" time="0.145"/>
  <system-out><![CDATA[2021-05-22 17:45:03.549  INFO 73801 --- [    Test worker] .b.t.a.w.s.WebMvcTestContextBootstrapper : Neither @ContextConfiguration nor @ContextHierarchy found for test class [com.jeonka.web.HelloControllerTest], using SpringBootContextLoader
2021-05-22 17:45:03.551  INFO 73801 --- [    Test worker] o.s.t.c.support.AbstractContextLoader    : Could not detect default resource locations for test class [com.jeonka.web.HelloControllerTest]: no resource found for suffixes {-context.xml, Context.groovy}.
2021-05-22 17:45:03.551  INFO 73801 --- [    Test worker] t.c.s.AnnotationConfigContextLoaderUtils : Could not detect default configuration classes for test class [com.jeonka.web.HelloControllerTest]: HelloControllerTest does not declare any static, non-private, non-final, nested classes annotated with @Configuration.
2021-05-22 17:45:03.594  INFO 73801 --- [    Test worker] .b.t.c.SpringBootTestContextBootstrapper : Found @SpringBootConfiguration com.jeonka.Application for test class com.jeonka.web.HelloControllerTest
2021-05-22 17:45:03.595  INFO 73801 --- [    Test worker] .b.t.a.w.s.WebMvcTestContextBootstrapper : Loaded default TestExecutionListener class names from location [META-INF/spring.factories]: [org.springframework.security.test.context.support.WithSecurityContextTestExecutionListener, org.springframework.security.test.context.support.ReactorContextTestExecutionListener, org.springframework.boot.test.autoconfigure.restdocs.RestDocsTestExecutionListener, org.springframework.boot.test.autoconfigure.web.client.MockRestServiceServerResetTestExecutionListener, org.springframework.boot.test.autoconfigure.web.servlet.MockMvcPrintOnlyOnFailureTestExecutionListener, org.springframework.boot.test.autoconfigure.web.servlet.WebDriverTestExecutionListener, org.springframework.boot.test.mock.mockito.MockitoTestExecutionListener, org.springframework.boot.test.mock.mockito.ResetMocksTestExecutionListener, org.springframework.test.context.web.ServletTestExecutionListener, org.springframework.test.context.support.DirtiesContextBeforeModesTestExecutionListener, org.springframework.test.context.support.DependencyInjectionTestExecutionListener, org.springframework.test.context.support.DirtiesContextTestExecutionListener, org.springframework.test.context.transaction.TransactionalTestExecutionListener, org.springframework.test.context.jdbc.SqlScriptsTestExecutionListener]
2021-05-22 17:45:03.596  INFO 73801 --- [    Test worker] .b.t.a.w.s.WebMvcTestContextBootstrapper : Using TestExecutionListeners: [org.springframework.test.context.web.ServletTestExecutionListener@73cb2fc7, org.springframework.test.context.support.DirtiesContextBeforeModesTestExecutionListener@3675420c, org.springframework.boot.test.mock.mockito.MockitoTestExecutionListener@4e7e7a27, org.springframework.boot.test.autoconfigure.SpringBootDependencyInjectionTestExecutionListener@1b559319, org.springframework.test.context.support.DirtiesContextTestExecutionListener@314a22a3, org.springframework.test.context.transaction.TransactionalTestExecutionListener@2db363a4, org.springframework.test.context.jdbc.SqlScriptsTestExecutionListener@10219b77, org.springframework.security.test.context.support.WithSecurityContextTestExecutionListener@27db1f31, org.springframework.security.test.context.support.ReactorContextTestExecutionListener@47e46e53, org.springframework.boot.test.autoconfigure.restdocs.RestDocsTestExecutionListener@717c9b48, org.springframework.boot.test.autoconfigure.web.client.MockRestServiceServerResetTestExecutionListener@6d1a5c33, org.springframework.boot.test.autoconfigure.web.servlet.MockMvcPrintOnlyOnFailureTestExecutionListener@1247e436, org.springframework.boot.test.autoconfigure.web.servlet.WebDriverTestExecutionListener@763586db, org.springframework.boot.test.mock.mockito.ResetMocksTestExecutionListener@6386e58e]

  .   ____          _            __ _ _
 /\\ / ___'_ __ _ _(_)_ __  __ _ \ \ \ \
( ( )\___ | '_ | '_| | '_ \/ _` | \ \ \ \
 \\/  ___)| |_)| | | | | || (_| |  ) ) ) )
  '  |____| .__|_| |_|_| |_\__, | / / / /
 =========|_|==============|___/=/_/_/_/
 :: Spring Boot ::        (v2.1.7.RELEASE)

2021-05-22 17:45:03.672  INFO 73801 --- [    Test worker] com.jeonka.web.HelloControllerTest       : Starting HelloControllerTest on jeongyeong-an-ui-MacBookAir.local with PID 73801 (started by jeonka in /Users/jeonka/github_jeonka1001/CS_Study/springboot/study_springboot_jeonka)
2021-05-22 17:45:03.673  INFO 73801 --- [    Test worker] com.jeonka.web.HelloControllerTest       : The following profiles are active: oauth
2021-05-22 17:45:04.268  INFO 73801 --- [    Test worker] o.s.s.concurrent.ThreadPoolTaskExecutor  : Initializing ExecutorService 'applicationTaskExecutor'
2021-05-22 17:45:04.312  INFO 73801 --- [    Test worker] o.s.b.a.w.s.WelcomePageHandlerMapping    : Adding welcome page template: index
2021-05-22 17:45:04.565  INFO 73801 --- [    Test worker] .s.s.UserDetailsServiceAutoConfiguration : 

Using generated security password: fba00e05-5876-4330-a182-a0d9adce3338

2021-05-22 17:45:04.679  INFO 73801 --- [    Test worker] o.s.s.web.DefaultSecurityFilterChain     : Creating filter chain: any request, [org.springframework.security.web.context.request.async.WebAsyncManagerIntegrationFilter@18578cee, org.springframework.security.web.context.SecurityContextPersistenceFilter@1ee70cfc, org.springframework.security.web.header.HeaderWriterFilter@3727cc87, org.springframework.security.web.csrf.CsrfFilter@3397db34, org.springframework.security.web.authentication.logout.LogoutFilter@71cb9091, org.springframework.security.web.authentication.UsernamePasswordAuthenticationFilter@7e00ba9e, org.springframework.security.web.authentication.ui.DefaultLoginPageGeneratingFilter@c516be5, org.springframework.security.web.authentication.ui.DefaultLogoutPageGeneratingFilter@3618d16a, org.springframework.security.web.authentication.www.BasicAuthenticationFilter@c9bb7b1, org.springframework.security.web.savedrequest.RequestCacheAwareFilter@189b5f0c, org.springframework.security.web.servletapi.SecurityContextHolderAwareRequestFilter@11d1fb6c, org.springframework.security.web.authentication.AnonymousAuthenticationFilter@67efce27, org.springframework.security.web.session.SessionManagementFilter@3ae4ff2c, org.springframework.security.web.access.ExceptionTranslationFilter@522a8a16, org.springframework.security.web.access.intercept.FilterSecurityInterceptor@7436745d]
2021-05-22 17:45:04.706  INFO 73801 --- [    Test worker] o.s.b.t.m.w.SpringBootMockServletContext : Initializing Spring TestDispatcherServlet ''
2021-05-22 17:45:04.706  INFO 73801 --- [    Test worker] o.s.t.web.servlet.TestDispatcherServlet  : Initializing Servlet ''
2021-05-22 17:45:04.709  INFO 73801 --- [    Test worker] o.s.t.web.servlet.TestDispatcherServlet  : Completed initialization in 2 ms
2021-05-22 17:45:04.741  INFO 73801 --- [    Test worker] com.jeonka.web.HelloControllerTest       : Started HelloControllerTest in 1.132 seconds (JVM running for 14.275)
]]></system-out>
  <system-err><![CDATA[]]></system-err>
</testsuite>
