<?xml version="1.0" encoding="UTF-8"?>
<testsuite name="com.jeonka.web.IndexControllerTest" tests="1" skipped="0" failures="0" errors="0" timestamp="2021-05-28T06:53:17" hostname="jeongyeong-an-ui-MacBookAir.local" time="0.772">
  <properties/>
  <testcase name="메인페이지_로딩" classname="com.jeonka.web.IndexControllerTest" time="0.772"/>
  <system-out><![CDATA[15:53:06.472 [Test worker] DEBUG org.springframework.test.context.junit4.SpringJUnit4ClassRunner - SpringJUnit4ClassRunner constructor called with [class com.jeonka.web.IndexControllerTest]
15:53:06.501 [Test worker] DEBUG org.springframework.test.context.BootstrapUtils - Instantiating CacheAwareContextLoaderDelegate from class [org.springframework.test.context.cache.DefaultCacheAwareContextLoaderDelegate]
15:53:06.521 [Test worker] DEBUG org.springframework.test.context.BootstrapUtils - Instantiating BootstrapContext using constructor [public org.springframework.test.context.support.DefaultBootstrapContext(java.lang.Class,org.springframework.test.context.CacheAwareContextLoaderDelegate)]
15:53:06.566 [Test worker] DEBUG org.springframework.test.context.BootstrapUtils - Instantiating TestContextBootstrapper for test class [com.jeonka.web.IndexControllerTest] from class [org.springframework.boot.test.context.SpringBootTestContextBootstrapper]
15:53:06.603 [Test worker] INFO org.springframework.boot.test.context.SpringBootTestContextBootstrapper - Neither @ContextConfiguration nor @ContextHierarchy found for test class [com.jeonka.web.IndexControllerTest], using SpringBootContextLoader
15:53:06.611 [Test worker] DEBUG org.springframework.test.context.support.AbstractContextLoader - Did not detect default resource location for test class [com.jeonka.web.IndexControllerTest]: class path resource [com/jeonka/web/IndexControllerTest-context.xml] does not exist
15:53:06.613 [Test worker] DEBUG org.springframework.test.context.support.AbstractContextLoader - Did not detect default resource location for test class [com.jeonka.web.IndexControllerTest]: class path resource [com/jeonka/web/IndexControllerTestContext.groovy] does not exist
15:53:06.614 [Test worker] INFO org.springframework.test.context.support.AbstractContextLoader - Could not detect default resource locations for test class [com.jeonka.web.IndexControllerTest]: no resource found for suffixes {-context.xml, Context.groovy}.
15:53:06.618 [Test worker] INFO org.springframework.test.context.support.AnnotationConfigContextLoaderUtils - Could not detect default configuration classes for test class [com.jeonka.web.IndexControllerTest]: IndexControllerTest does not declare any static, non-private, non-final, nested classes annotated with @Configuration.
15:53:06.728 [Test worker] DEBUG org.springframework.test.context.support.ActiveProfilesUtils - Could not find an 'annotation declaring class' for annotation type [org.springframework.test.context.ActiveProfiles] and class [com.jeonka.web.IndexControllerTest]
15:53:06.928 [Test worker] DEBUG org.springframework.context.annotation.ClassPathScanningCandidateComponentProvider - Identified candidate component class: file [/Users/jeonka/github_jeonka1001/CS_Study/springboot/study_springboot_jeonka/build/classes/java/main/com/jeonka/Application.class]
15:53:06.930 [Test worker] INFO org.springframework.boot.test.context.SpringBootTestContextBootstrapper - Found @SpringBootConfiguration com.jeonka.Application for test class com.jeonka.web.IndexControllerTest
15:53:07.087 [Test worker] DEBUG org.springframework.boot.test.context.SpringBootTestContextBootstrapper - @TestExecutionListeners is not present for class [com.jeonka.web.IndexControllerTest]: using defaults.
15:53:07.089 [Test worker] INFO org.springframework.boot.test.context.SpringBootTestContextBootstrapper - Loaded default TestExecutionListener class names from location [META-INF/spring.factories]: [org.springframework.security.test.context.support.WithSecurityContextTestExecutionListener, org.springframework.security.test.context.support.ReactorContextTestExecutionListener, org.springframework.boot.test.autoconfigure.restdocs.RestDocsTestExecutionListener, org.springframework.boot.test.autoconfigure.web.client.MockRestServiceServerResetTestExecutionListener, org.springframework.boot.test.autoconfigure.web.servlet.MockMvcPrintOnlyOnFailureTestExecutionListener, org.springframework.boot.test.autoconfigure.web.servlet.WebDriverTestExecutionListener, org.springframework.boot.test.mock.mockito.MockitoTestExecutionListener, org.springframework.boot.test.mock.mockito.ResetMocksTestExecutionListener, org.springframework.test.context.web.ServletTestExecutionListener, org.springframework.test.context.support.DirtiesContextBeforeModesTestExecutionListener, org.springframework.test.context.support.DependencyInjectionTestExecutionListener, org.springframework.test.context.support.DirtiesContextTestExecutionListener, org.springframework.test.context.transaction.TransactionalTestExecutionListener, org.springframework.test.context.jdbc.SqlScriptsTestExecutionListener]
15:53:07.125 [Test worker] INFO org.springframework.boot.test.context.SpringBootTestContextBootstrapper - Using TestExecutionListeners: [org.springframework.test.context.web.ServletTestExecutionListener@339e2cbc, org.springframework.test.context.support.DirtiesContextBeforeModesTestExecutionListener@2b0bf2d6, org.springframework.boot.test.mock.mockito.MockitoTestExecutionListener@fe1947d, org.springframework.boot.test.autoconfigure.SpringBootDependencyInjectionTestExecutionListener@1c689b5f, org.springframework.test.context.support.DirtiesContextTestExecutionListener@5ed1afa2, org.springframework.test.context.transaction.TransactionalTestExecutionListener@2ab87bec, org.springframework.test.context.jdbc.SqlScriptsTestExecutionListener@29f950ba, org.springframework.security.test.context.support.WithSecurityContextTestExecutionListener@711394b9, org.springframework.security.test.context.support.ReactorContextTestExecutionListener@226c9986, org.springframework.boot.test.autoconfigure.restdocs.RestDocsTestExecutionListener@4b62e13c, org.springframework.boot.test.autoconfigure.web.client.MockRestServiceServerResetTestExecutionListener@287d146a, org.springframework.boot.test.autoconfigure.web.servlet.MockMvcPrintOnlyOnFailureTestExecutionListener@45a6fb80, org.springframework.boot.test.autoconfigure.web.servlet.WebDriverTestExecutionListener@340fa1b, org.springframework.boot.test.mock.mockito.ResetMocksTestExecutionListener@5f77904e]
15:53:07.134 [Test worker] DEBUG org.springframework.test.annotation.ProfileValueUtils - Retrieved @ProfileValueSourceConfiguration [null] for test class [com.jeonka.web.IndexControllerTest]
15:53:07.135 [Test worker] DEBUG org.springframework.test.annotation.ProfileValueUtils - Retrieved ProfileValueSource type [class org.springframework.test.annotation.SystemProfileValueSource] for class [com.jeonka.web.IndexControllerTest]
15:53:07.143 [Test worker] DEBUG org.springframework.test.annotation.ProfileValueUtils - Retrieved @ProfileValueSourceConfiguration [null] for test class [com.jeonka.web.IndexControllerTest]
15:53:07.144 [Test worker] DEBUG org.springframework.test.annotation.ProfileValueUtils - Retrieved ProfileValueSource type [class org.springframework.test.annotation.SystemProfileValueSource] for class [com.jeonka.web.IndexControllerTest]
15:53:07.146 [Test worker] DEBUG org.springframework.test.annotation.ProfileValueUtils - Retrieved @ProfileValueSourceConfiguration [null] for test class [com.jeonka.web.IndexControllerTest]
15:53:07.146 [Test worker] DEBUG org.springframework.test.annotation.ProfileValueUtils - Retrieved ProfileValueSource type [class org.springframework.test.annotation.SystemProfileValueSource] for class [com.jeonka.web.IndexControllerTest]
15:53:07.154 [Test worker] DEBUG org.springframework.test.context.support.AbstractDirtiesContextTestExecutionListener - Before test class: context [DefaultTestContext@50ae153f testClass = IndexControllerTest, testInstance = [null], testMethod = [null], testException = [null], mergedContextConfiguration = [WebMergedContextConfiguration@484269dd testClass = IndexControllerTest, locations = '{}', classes = '{class com.jeonka.Application}', contextInitializerClasses = '[]', activeProfiles = '{}', propertySourceLocations = '{}', propertySourceProperties = '{org.springframework.boot.test.context.SpringBootTestContextBootstrapper=true, server.port=0}', contextCustomizers = set[org.springframework.boot.test.autoconfigure.properties.PropertyMappingContextCustomizer@0, org.springframework.boot.test.autoconfigure.web.servlet.WebDriverContextCustomizerFactory$Customizer@68d721bf, org.springframework.boot.test.context.filter.ExcludeFilterContextCustomizer@404404c, org.springframework.boot.test.json.DuplicateJsonObjectContextCustomizerFactory$DuplicateJsonObjectContextCustomizer@6004838f, org.springframework.boot.test.mock.mockito.MockitoContextCustomizer@0, org.springframework.boot.test.web.client.TestRestTemplateContextCustomizer@663f53ea], resourceBasePath = 'src/main/webapp', contextLoader = 'org.springframework.boot.test.context.SpringBootContextLoader', parent = [null]], attributes = map['org.springframework.test.context.web.ServletTestExecutionListener.activateListener' -> false]], class annotated with @DirtiesContext [false] with mode [null].
15:53:07.156 [Test worker] DEBUG org.springframework.test.annotation.ProfileValueUtils - Retrieved @ProfileValueSourceConfiguration [null] for test class [com.jeonka.web.IndexControllerTest]
15:53:07.156 [Test worker] DEBUG org.springframework.test.annotation.ProfileValueUtils - Retrieved ProfileValueSource type [class org.springframework.test.annotation.SystemProfileValueSource] for class [com.jeonka.web.IndexControllerTest]
15:53:07.172 [Test worker] DEBUG org.springframework.test.context.support.DependencyInjectionTestExecutionListener - Performing dependency injection for test context [[DefaultTestContext@50ae153f testClass = IndexControllerTest, testInstance = com.jeonka.web.IndexControllerTest@369cfe0, testMethod = [null], testException = [null], mergedContextConfiguration = [WebMergedContextConfiguration@484269dd testClass = IndexControllerTest, locations = '{}', classes = '{class com.jeonka.Application}', contextInitializerClasses = '[]', activeProfiles = '{}', propertySourceLocations = '{}', propertySourceProperties = '{org.springframework.boot.test.context.SpringBootTestContextBootstrapper=true, server.port=0}', contextCustomizers = set[org.springframework.boot.test.autoconfigure.properties.PropertyMappingContextCustomizer@0, org.springframework.boot.test.autoconfigure.web.servlet.WebDriverContextCustomizerFactory$Customizer@68d721bf, org.springframework.boot.test.context.filter.ExcludeFilterContextCustomizer@404404c, org.springframework.boot.test.json.DuplicateJsonObjectContextCustomizerFactory$DuplicateJsonObjectContextCustomizer@6004838f, org.springframework.boot.test.mock.mockito.MockitoContextCustomizer@0, org.springframework.boot.test.web.client.TestRestTemplateContextCustomizer@663f53ea], resourceBasePath = 'src/main/webapp', contextLoader = 'org.springframework.boot.test.context.SpringBootContextLoader', parent = [null]], attributes = map['org.springframework.test.context.web.ServletTestExecutionListener.activateListener' -> false]]].
15:53:07.211 [Test worker] DEBUG org.springframework.test.context.support.TestPropertySourceUtils - Adding inlined properties to environment: {spring.jmx.enabled=false, org.springframework.boot.test.context.SpringBootTestContextBootstrapper=true, server.port=0}

  .   ____          _            __ _ _
 /\\ / ___'_ __ _ _(_)_ __  __ _ \ \ \ \
( ( )\___ | '_ | '_| | '_ \/ _` | \ \ \ \
 \\/  ___)| |_)| | | | | || (_| |  ) ) ) )
  '  |____| .__|_| |_|_| |_\__, | / / / /
 =========|_|==============|___/=/_/_/_/
 :: Spring Boot ::        (v2.1.7.RELEASE)

2021-05-28 15:53:07.941  INFO 93392 --- [    Test worker] com.jeonka.web.IndexControllerTest       : Starting IndexControllerTest on jeongyeong-an-ui-MacBookAir.local with PID 93392 (started by jeonka in /Users/jeonka/github_jeonka1001/CS_Study/springboot/study_springboot_jeonka)
2021-05-28 15:53:07.944  INFO 93392 --- [    Test worker] com.jeonka.web.IndexControllerTest       : The following profiles are active: oauth
2021-05-28 15:53:09.559  INFO 93392 --- [    Test worker] .s.d.r.c.RepositoryConfigurationDelegate : Bootstrapping Spring Data repositories in DEFAULT mode.
2021-05-28 15:53:09.696  INFO 93392 --- [    Test worker] .s.d.r.c.RepositoryConfigurationDelegate : Finished Spring Data repository scanning in 119ms. Found 2 repository interfaces.
2021-05-28 15:53:10.616  INFO 93392 --- [    Test worker] trationDelegate$BeanPostProcessorChecker : Bean 'org.springframework.transaction.annotation.ProxyTransactionManagementConfiguration' of type [org.springframework.transaction.annotation.ProxyTransactionManagementConfiguration$$EnhancerBySpringCGLIB$$bf0d3f83] is not eligible for getting processed by all BeanPostProcessors (for example: not eligible for auto-proxying)
2021-05-28 15:53:11.307  INFO 93392 --- [    Test worker] o.s.b.w.embedded.tomcat.TomcatWebServer  : Tomcat initialized with port(s): 0 (http)
2021-05-28 15:53:11.364  INFO 93392 --- [    Test worker] o.apache.catalina.core.StandardService   : Starting service [Tomcat]
2021-05-28 15:53:11.365  INFO 93392 --- [    Test worker] org.apache.catalina.core.StandardEngine  : Starting Servlet engine: [Apache Tomcat/9.0.22]
2021-05-28 15:53:11.599  INFO 93392 --- [    Test worker] o.a.c.c.C.[Tomcat].[localhost].[/]       : Initializing Spring embedded WebApplicationContext
2021-05-28 15:53:11.600  INFO 93392 --- [    Test worker] o.s.web.context.ContextLoader            : Root WebApplicationContext: initialization completed in 3612 ms
2021-05-28 15:53:12.093  INFO 93392 --- [    Test worker] com.zaxxer.hikari.HikariDataSource       : HikariPool-1 - Starting...
2021-05-28 15:53:12.399  INFO 93392 --- [    Test worker] com.zaxxer.hikari.HikariDataSource       : HikariPool-1 - Start completed.
2021-05-28 15:53:12.577  INFO 93392 --- [    Test worker] o.hibernate.jpa.internal.util.LogHelper  : HHH000204: Processing PersistenceUnitInfo [
	name: default
	...]
2021-05-28 15:53:12.676  INFO 93392 --- [    Test worker] org.hibernate.Version                    : HHH000412: Hibernate Core {5.3.10.Final}
2021-05-28 15:53:12.681  INFO 93392 --- [    Test worker] org.hibernate.cfg.Environment            : HHH000206: hibernate.properties not found
2021-05-28 15:53:12.950  INFO 93392 --- [    Test worker] o.hibernate.annotations.common.Version   : HCANN000001: Hibernate Commons Annotations {5.0.4.Final}
2021-05-28 15:53:13.181  INFO 93392 --- [    Test worker] org.hibernate.dialect.Dialect            : HHH000400: Using dialect: org.hibernate.dialect.MySQL5InnoDBDialect
Hibernate: drop table if exists posts
Hibernate: drop table if exists user
Hibernate: create table posts (id bigint not null auto_increment, created_date datetime, modified_date datetime, author varchar(255), content TEXT not null, title varchar(500) not null, primary key (id)) engine=InnoDB
Hibernate: create table user (id bigint not null auto_increment, created_date datetime, modified_date datetime, email varchar(255) not null, name varchar(255) not null, picture varchar(255), role varchar(255) not null, primary key (id)) engine=InnoDB
2021-05-28 15:53:14.357  INFO 93392 --- [    Test worker] o.h.t.schema.internal.SchemaCreatorImpl  : HHH000476: Executing import script 'org.hibernate.tool.schema.internal.exec.ScriptSourceInputNonExistentImpl@7f058abc'
2021-05-28 15:53:14.367  INFO 93392 --- [    Test worker] j.LocalContainerEntityManagerFactoryBean : Initialized JPA EntityManagerFactory for persistence unit 'default'
2021-05-28 15:53:15.563  INFO 93392 --- [    Test worker] o.h.h.i.QueryTranslatorFactoryInitiator  : HHH000397: Using ASTQueryTranslatorFactory
2021-05-28 15:53:16.218  INFO 93392 --- [    Test worker] o.s.s.web.DefaultSecurityFilterChain     : Creating filter chain: any request, [org.springframework.security.web.context.request.async.WebAsyncManagerIntegrationFilter@4223d9cb, org.springframework.security.web.context.SecurityContextPersistenceFilter@389891f7, org.springframework.security.web.header.HeaderWriterFilter@7eb06985, org.springframework.security.web.authentication.logout.LogoutFilter@595bbce7, org.springframework.security.oauth2.client.web.OAuth2AuthorizationRequestRedirectFilter@2a35b2d6, org.springframework.security.oauth2.client.web.OAuth2LoginAuthenticationFilter@4eeb1ca9, org.springframework.security.web.authentication.ui.DefaultLoginPageGeneratingFilter@5b162ae4, org.springframework.security.web.authentication.ui.DefaultLogoutPageGeneratingFilter@729fbad8, org.springframework.security.web.savedrequest.RequestCacheAwareFilter@22ea1105, org.springframework.security.web.servletapi.SecurityContextHolderAwareRequestFilter@2fa4800, org.springframework.security.web.authentication.AnonymousAuthenticationFilter@de2e6f6, org.springframework.security.web.session.SessionManagementFilter@60a0c907, org.springframework.security.web.access.ExceptionTranslationFilter@d878877, org.springframework.security.web.access.intercept.FilterSecurityInterceptor@20a9c168]
2021-05-28 15:53:16.714  INFO 93392 --- [    Test worker] o.s.s.concurrent.ThreadPoolTaskExecutor  : Initializing ExecutorService 'applicationTaskExecutor'
2021-05-28 15:53:16.797  WARN 93392 --- [    Test worker] aWebConfiguration$JpaWebMvcConfiguration : spring.jpa.open-in-view is enabled by default. Therefore, database queries may be performed during view rendering. Explicitly configure spring.jpa.open-in-view to disable this warning
2021-05-28 15:53:16.874  INFO 93392 --- [    Test worker] o.s.b.a.w.s.WelcomePageHandlerMapping    : Adding welcome page template: index
2021-05-28 15:53:17.418  INFO 93392 --- [    Test worker] s.a.ScheduledAnnotationBeanPostProcessor : No TaskScheduler/ScheduledExecutorService bean found for scheduled processing
2021-05-28 15:53:17.459  INFO 93392 --- [    Test worker] o.s.b.w.embedded.tomcat.TomcatWebServer  : Tomcat started on port(s): 57089 (http) with context path ''
2021-05-28 15:53:17.465  INFO 93392 --- [    Test worker] com.jeonka.web.IndexControllerTest       : Started IndexControllerTest in 10.249 seconds (JVM running for 12.044)
2021-05-28 15:53:17.883  INFO 93392 --- [o-auto-1-exec-1] o.a.c.c.C.[Tomcat].[localhost].[/]       : Initializing Spring DispatcherServlet 'dispatcherServlet'
2021-05-28 15:53:17.884  INFO 93392 --- [o-auto-1-exec-1] o.s.web.servlet.DispatcherServlet        : Initializing Servlet 'dispatcherServlet'
2021-05-28 15:53:17.927  INFO 93392 --- [o-auto-1-exec-1] o.s.web.servlet.DispatcherServlet        : Completed initialization in 43 ms
Hibernate: select posts0_.id as id1_0_, posts0_.created_date as created_2_0_, posts0_.modified_date as modified3_0_, posts0_.author as author4_0_, posts0_.content as content5_0_, posts0_.title as title6_0_ from posts posts0_ order by posts0_.id desc
]]></system-out>
  <system-err><![CDATA[]]></system-err>
</testsuite>
