<?xml version="1.0" encoding="UTF-8"?>
<testsuite name="com.jeonka.web.PostsApiControllerTest" tests="2" skipped="0" failures="0" errors="0" timestamp="2021-05-22T08:45:04" hostname="jeongyeong-an-ui-MacBookAir.local" time="0.468">
  <properties/>
  <testcase name="Posts_수정테스트" classname="com.jeonka.web.PostsApiControllerTest" time="0.438"/>
  <testcase name="Posts_등록테스트" classname="com.jeonka.web.PostsApiControllerTest" time="0.029"/>
  <system-out><![CDATA[2021-05-22 17:45:04.958  INFO 73801 --- [    Test worker] .b.t.c.SpringBootTestContextBootstrapper : Neither @ContextConfiguration nor @ContextHierarchy found for test class [com.jeonka.web.PostsApiControllerTest], using SpringBootContextLoader
2021-05-22 17:45:04.959  INFO 73801 --- [    Test worker] o.s.t.c.support.AbstractContextLoader    : Could not detect default resource locations for test class [com.jeonka.web.PostsApiControllerTest]: no resource found for suffixes {-context.xml, Context.groovy}.
2021-05-22 17:45:04.960  INFO 73801 --- [    Test worker] t.c.s.AnnotationConfigContextLoaderUtils : Could not detect default configuration classes for test class [com.jeonka.web.PostsApiControllerTest]: PostsApiControllerTest does not declare any static, non-private, non-final, nested classes annotated with @Configuration.
2021-05-22 17:45:04.970  INFO 73801 --- [    Test worker] .b.t.c.SpringBootTestContextBootstrapper : Found @SpringBootConfiguration com.jeonka.Application for test class com.jeonka.web.PostsApiControllerTest
2021-05-22 17:45:04.974  INFO 73801 --- [    Test worker] .b.t.c.SpringBootTestContextBootstrapper : Loaded default TestExecutionListener class names from location [META-INF/spring.factories]: [org.springframework.security.test.context.support.WithSecurityContextTestExecutionListener, org.springframework.security.test.context.support.ReactorContextTestExecutionListener, org.springframework.boot.test.autoconfigure.restdocs.RestDocsTestExecutionListener, org.springframework.boot.test.autoconfigure.web.client.MockRestServiceServerResetTestExecutionListener, org.springframework.boot.test.autoconfigure.web.servlet.MockMvcPrintOnlyOnFailureTestExecutionListener, org.springframework.boot.test.autoconfigure.web.servlet.WebDriverTestExecutionListener, org.springframework.boot.test.mock.mockito.MockitoTestExecutionListener, org.springframework.boot.test.mock.mockito.ResetMocksTestExecutionListener, org.springframework.test.context.web.ServletTestExecutionListener, org.springframework.test.context.support.DirtiesContextBeforeModesTestExecutionListener, org.springframework.test.context.support.DependencyInjectionTestExecutionListener, org.springframework.test.context.support.DirtiesContextTestExecutionListener, org.springframework.test.context.transaction.TransactionalTestExecutionListener, org.springframework.test.context.jdbc.SqlScriptsTestExecutionListener]
2021-05-22 17:45:04.975  INFO 73801 --- [    Test worker] .b.t.c.SpringBootTestContextBootstrapper : Using TestExecutionListeners: [org.springframework.test.context.web.ServletTestExecutionListener@17763ca7, org.springframework.test.context.support.DirtiesContextBeforeModesTestExecutionListener@671cfd70, org.springframework.boot.test.mock.mockito.MockitoTestExecutionListener@537d2aa5, org.springframework.boot.test.autoconfigure.SpringBootDependencyInjectionTestExecutionListener@316ec1c1, org.springframework.test.context.support.DirtiesContextTestExecutionListener@17db404f, org.springframework.test.context.transaction.TransactionalTestExecutionListener@17acd8b9, org.springframework.test.context.jdbc.SqlScriptsTestExecutionListener@2d3ef0eb, org.springframework.security.test.context.support.WithSecurityContextTestExecutionListener@6a994c44, org.springframework.security.test.context.support.ReactorContextTestExecutionListener@270da060, org.springframework.boot.test.autoconfigure.restdocs.RestDocsTestExecutionListener@5615dd28, org.springframework.boot.test.autoconfigure.web.client.MockRestServiceServerResetTestExecutionListener@cf6c6a9, org.springframework.boot.test.autoconfigure.web.servlet.MockMvcPrintOnlyOnFailureTestExecutionListener@2cad501f, org.springframework.boot.test.autoconfigure.web.servlet.WebDriverTestExecutionListener@66e9eb4a, org.springframework.boot.test.mock.mockito.ResetMocksTestExecutionListener@1eed9622]
2021-05-22 17:45:04.993  INFO 73801 --- [    Test worker] o.a.c.c.C.[Tomcat].[localhost].[/]       : Initializing Spring TestDispatcherServlet ''
2021-05-22 17:45:04.993  INFO 73801 --- [    Test worker] o.s.t.web.servlet.TestDispatcherServlet  : Initializing Servlet ''
2021-05-22 17:45:05.002  INFO 73801 --- [    Test worker] o.s.t.web.servlet.TestDispatcherServlet  : Completed initialization in 9 ms
Hibernate: insert into posts (created_date, modified_date, author, content, title) values (?, ?, ?, ?, ?)
Hibernate: select posts0_.id as id1_0_0_, posts0_.created_date as created_2_0_0_, posts0_.modified_date as modified3_0_0_, posts0_.author as author4_0_0_, posts0_.content as content5_0_0_, posts0_.title as title6_0_0_ from posts posts0_ where posts0_.id=?
Hibernate: update posts set created_date=?, modified_date=?, author=?, content=?, title=? where id=?
Hibernate: select posts0_.id as id1_0_, posts0_.created_date as created_2_0_, posts0_.modified_date as modified3_0_, posts0_.author as author4_0_, posts0_.content as content5_0_, posts0_.title as title6_0_ from posts posts0_
Hibernate: select posts0_.id as id1_0_, posts0_.created_date as created_2_0_, posts0_.modified_date as modified3_0_, posts0_.author as author4_0_, posts0_.content as content5_0_, posts0_.title as title6_0_ from posts posts0_
Hibernate: delete from posts where id=?
2021-05-22 17:45:05.427  INFO 73801 --- [    Test worker] o.a.c.c.C.[Tomcat].[localhost].[/]       : Initializing Spring TestDispatcherServlet ''
2021-05-22 17:45:05.428  INFO 73801 --- [    Test worker] o.s.t.web.servlet.TestDispatcherServlet  : Initializing Servlet ''
2021-05-22 17:45:05.432  INFO 73801 --- [    Test worker] o.s.t.web.servlet.TestDispatcherServlet  : Completed initialization in 4 ms
Hibernate: insert into posts (created_date, modified_date, author, content, title) values (?, ?, ?, ?, ?)
Hibernate: select posts0_.id as id1_0_, posts0_.created_date as created_2_0_, posts0_.modified_date as modified3_0_, posts0_.author as author4_0_, posts0_.content as content5_0_, posts0_.title as title6_0_ from posts posts0_
Hibernate: select posts0_.id as id1_0_, posts0_.created_date as created_2_0_, posts0_.modified_date as modified3_0_, posts0_.author as author4_0_, posts0_.content as content5_0_, posts0_.title as title6_0_ from posts posts0_
Hibernate: delete from posts where id=?
]]></system-out>
  <system-err><![CDATA[]]></system-err>
</testsuite>
