<?xml version="1.0" encoding="UTF-8"?>
<testsuite name="com.jeonka.web.dto.HelloResponseDtoTest" tests="1" skipped="0" failures="0" errors="0" timestamp="2021-05-22T08:45:03" hostname="jeongyeong-an-ui-MacBookAir.local" time="0.006">
  <properties/>
  <testcase name="롬복_기능_테스트" classname="com.jeonka.web.dto.HelloResponseDtoTest" time="0.006"/>
  <system-out><![CDATA[]]></system-out>
  <system-err><![CDATA[]]></system-err>
</testsuite>
