<?xml version="1.0" encoding="UTF-8"?>
<testsuite name="com.jeonka.web.IndexControllerTest" tests="1" skipped="0" failures="0" errors="0" timestamp="2021-05-28T10:53:40" hostname="jeongyeong-an-ui-MacBookAir.local" time="0.355">
  <properties/>
  <testcase name="메인페이지_로딩" classname="com.jeonka.web.IndexControllerTest" time="0.355"/>
  <system-out><![CDATA[2021-05-28 19:53:33.537  INFO 12712 --- [    Test worker] .b.t.c.SpringBootTestContextBootstrapper : Neither @ContextConfiguration nor @ContextHierarchy found for test class [com.jeonka.web.IndexControllerTest], using SpringBootContextLoader
2021-05-28 19:53:33.539  INFO 12712 --- [    Test worker] o.s.t.c.support.AbstractContextLoader    : Could not detect default resource locations for test class [com.jeonka.web.IndexControllerTest]: no resource found for suffixes {-context.xml, Context.groovy}.
2021-05-28 19:53:33.540  INFO 12712 --- [    Test worker] t.c.s.AnnotationConfigContextLoaderUtils : Could not detect default configuration classes for test class [com.jeonka.web.IndexControllerTest]: IndexControllerTest does not declare any static, non-private, non-final, nested classes annotated with @Configuration.
2021-05-28 19:53:33.545  INFO 12712 --- [    Test worker] .b.t.c.SpringBootTestContextBootstrapper : Found @SpringBootConfiguration com.jeonka.Application for test class com.jeonka.web.IndexControllerTest
2021-05-28 19:53:33.548  INFO 12712 --- [    Test worker] .b.t.c.SpringBootTestContextBootstrapper : Loaded default TestExecutionListener class names from location [META-INF/spring.factories]: [org.springframework.security.test.context.support.WithSecurityContextTestExecutionListener, org.springframework.security.test.context.support.ReactorContextTestExecutionListener, org.springframework.boot.test.autoconfigure.restdocs.RestDocsTestExecutionListener, org.springframework.boot.test.autoconfigure.web.client.MockRestServiceServerResetTestExecutionListener, org.springframework.boot.test.autoconfigure.web.servlet.MockMvcPrintOnlyOnFailureTestExecutionListener, org.springframework.boot.test.autoconfigure.web.servlet.WebDriverTestExecutionListener, org.springframework.boot.test.mock.mockito.MockitoTestExecutionListener, org.springframework.boot.test.mock.mockito.ResetMocksTestExecutionListener, org.springframework.test.context.web.ServletTestExecutionListener, org.springframework.test.context.support.DirtiesContextBeforeModesTestExecutionListener, org.springframework.test.context.support.DependencyInjectionTestExecutionListener, org.springframework.test.context.support.DirtiesContextTestExecutionListener, org.springframework.test.context.transaction.TransactionalTestExecutionListener, org.springframework.test.context.jdbc.SqlScriptsTestExecutionListener]
2021-05-28 19:53:33.550  INFO 12712 --- [    Test worker] .b.t.c.SpringBootTestContextBootstrapper : Using TestExecutionListeners: [org.springframework.test.context.web.ServletTestExecutionListener@7df1a5bd, org.springframework.test.context.support.DirtiesContextBeforeModesTestExecutionListener@3114107d, org.springframework.boot.test.mock.mockito.MockitoTestExecutionListener@35723a57, org.springframework.boot.test.autoconfigure.SpringBootDependencyInjectionTestExecutionListener@53cb03a5, org.springframework.test.context.support.DirtiesContextTestExecutionListener@23e7882c, org.springframework.test.context.transaction.TransactionalTestExecutionListener@32e1e3d5, org.springframework.test.context.jdbc.SqlScriptsTestExecutionListener@1665d75c, org.springframework.security.test.context.support.WithSecurityContextTestExecutionListener@1d38381e, org.springframework.security.test.context.support.ReactorContextTestExecutionListener@281757d, org.springframework.boot.test.autoconfigure.restdocs.RestDocsTestExecutionListener@3fc3c1b3, org.springframework.boot.test.autoconfigure.web.client.MockRestServiceServerResetTestExecutionListener@7a43e20, org.springframework.boot.test.autoconfigure.web.servlet.MockMvcPrintOnlyOnFailureTestExecutionListener@5b800e02, org.springframework.boot.test.autoconfigure.web.servlet.WebDriverTestExecutionListener@52a3a292, org.springframework.boot.test.mock.mockito.ResetMocksTestExecutionListener@73cc2f2c]

  .   ____          _            __ _ _
 /\\ / ___'_ __ _ _(_)_ __  __ _ \ \ \ \
( ( )\___ | '_ | '_| | '_ \/ _` | \ \ \ \
 \\/  ___)| |_)| | | | | || (_| |  ) ) ) )
  '  |____| .__|_| |_|_| |_\__, | / / / /
 =========|_|==============|___/=/_/_/_/
 :: Spring Boot ::        (v2.1.7.RELEASE)

2021-05-28 19:53:33.626  INFO 12712 --- [    Test worker] com.jeonka.web.IndexControllerTest       : Starting IndexControllerTest on jeongyeong-an-ui-MacBookAir.local with PID 12712 (started by jeonka in /Users/jeonka/github_jeonka1001/CS_Study/springboot/study_springboot_jeonka)
2021-05-28 19:53:33.627  INFO 12712 --- [    Test worker] com.jeonka.web.IndexControllerTest       : The following profiles are active: oauth
2021-05-28 19:53:34.213  INFO 12712 --- [    Test worker] .s.d.r.c.RepositoryConfigurationDelegate : Bootstrapping Spring Data repositories in DEFAULT mode.
2021-05-28 19:53:34.324  INFO 12712 --- [    Test worker] .s.d.r.c.RepositoryConfigurationDelegate : Finished Spring Data repository scanning in 94ms. Found 2 repository interfaces.
2021-05-28 19:53:34.725  INFO 12712 --- [    Test worker] trationDelegate$BeanPostProcessorChecker : Bean 'org.springframework.transaction.annotation.ProxyTransactionManagementConfiguration' of type [org.springframework.transaction.annotation.ProxyTransactionManagementConfiguration$$EnhancerBySpringCGLIB$$42652ae2] is not eligible for getting processed by all BeanPostProcessors (for example: not eligible for auto-proxying)
2021-05-28 19:53:35.351  INFO 12712 --- [    Test worker] o.s.b.w.embedded.tomcat.TomcatWebServer  : Tomcat initialized with port(s): 0 (http)
2021-05-28 19:53:35.411  INFO 12712 --- [    Test worker] o.apache.catalina.core.StandardService   : Starting service [Tomcat]
2021-05-28 19:53:35.411  INFO 12712 --- [    Test worker] org.apache.catalina.core.StandardEngine  : Starting Servlet engine: [Apache Tomcat/9.0.22]
2021-05-28 19:53:35.673  INFO 12712 --- [    Test worker] o.a.c.c.C.[Tomcat].[localhost].[/]       : Initializing Spring embedded WebApplicationContext
2021-05-28 19:53:35.674  INFO 12712 --- [    Test worker] o.s.web.context.ContextLoader            : Root WebApplicationContext: initialization completed in 2042 ms
2021-05-28 19:53:36.018  INFO 12712 --- [    Test worker] com.zaxxer.hikari.HikariDataSource       : HikariPool-1 - Starting...
2021-05-28 19:53:36.373  INFO 12712 --- [    Test worker] com.zaxxer.hikari.HikariDataSource       : HikariPool-1 - Start completed.
2021-05-28 19:53:36.553  INFO 12712 --- [    Test worker] o.hibernate.jpa.internal.util.LogHelper  : HHH000204: Processing PersistenceUnitInfo [
	name: default
	...]
2021-05-28 19:53:36.703  INFO 12712 --- [    Test worker] org.hibernate.Version                    : HHH000412: Hibernate Core {5.3.10.Final}
2021-05-28 19:53:36.706  INFO 12712 --- [    Test worker] org.hibernate.cfg.Environment            : HHH000206: hibernate.properties not found
2021-05-28 19:53:36.812  INFO 12712 --- [    Test worker] o.hibernate.annotations.common.Version   : HCANN000001: Hibernate Commons Annotations {5.0.4.Final}
2021-05-28 19:53:37.094  INFO 12712 --- [    Test worker] org.hibernate.dialect.Dialect            : HHH000400: Using dialect: org.hibernate.dialect.MySQL5InnoDBDialect
Hibernate: drop table if exists posts
Hibernate: drop table if exists user
Hibernate: create table posts (id bigint not null auto_increment, created_date datetime, modified_date datetime, author varchar(255), content TEXT not null, title varchar(500) not null, primary key (id)) engine=InnoDB
Hibernate: create table user (id bigint not null auto_increment, created_date datetime, modified_date datetime, email varchar(255) not null, name varchar(255) not null, picture varchar(255), role varchar(255) not null, primary key (id)) engine=InnoDB
2021-05-28 19:53:38.106  INFO 12712 --- [    Test worker] o.h.t.schema.internal.SchemaCreatorImpl  : HHH000476: Executing import script 'org.hibernate.tool.schema.internal.exec.ScriptSourceInputNonExistentImpl@63e9d730'
2021-05-28 19:53:38.114  INFO 12712 --- [    Test worker] j.LocalContainerEntityManagerFactoryBean : Initialized JPA EntityManagerFactory for persistence unit 'default'
2021-05-28 19:53:39.151  INFO 12712 --- [    Test worker] o.h.h.i.QueryTranslatorFactoryInitiator  : HHH000397: Using ASTQueryTranslatorFactory
2021-05-28 19:53:39.566  INFO 12712 --- [    Test worker] o.s.s.web.DefaultSecurityFilterChain     : Creating filter chain: any request, [org.springframework.security.web.context.request.async.WebAsyncManagerIntegrationFilter@5c8c2dd1, org.springframework.security.web.context.SecurityContextPersistenceFilter@399e3b88, org.springframework.security.web.header.HeaderWriterFilter@661c6de9, org.springframework.security.web.authentication.logout.LogoutFilter@436d8199, org.springframework.security.oauth2.client.web.OAuth2AuthorizationRequestRedirectFilter@69fb7921, org.springframework.security.oauth2.client.web.OAuth2LoginAuthenticationFilter@7325c6cc, org.springframework.security.web.authentication.ui.DefaultLoginPageGeneratingFilter@b67a906, org.springframework.security.web.authentication.ui.DefaultLogoutPageGeneratingFilter@437567fe, org.springframework.security.web.savedrequest.RequestCacheAwareFilter@37711b0b, org.springframework.security.web.servletapi.SecurityContextHolderAwareRequestFilter@32874b29, org.springframework.security.web.authentication.AnonymousAuthenticationFilter@593045b4, org.springframework.security.web.session.SessionManagementFilter@2433bd52, org.springframework.security.web.access.ExceptionTranslationFilter@3d5666e6, org.springframework.security.web.access.intercept.FilterSecurityInterceptor@1ea189a1]
2021-05-28 19:53:39.795  INFO 12712 --- [    Test worker] o.s.s.concurrent.ThreadPoolTaskExecutor  : Initializing ExecutorService 'applicationTaskExecutor'
2021-05-28 19:53:39.818  WARN 12712 --- [    Test worker] aWebConfiguration$JpaWebMvcConfiguration : spring.jpa.open-in-view is enabled by default. Therefore, database queries may be performed during view rendering. Explicitly configure spring.jpa.open-in-view to disable this warning
2021-05-28 19:53:39.869  INFO 12712 --- [    Test worker] o.s.b.a.w.s.WelcomePageHandlerMapping    : Adding welcome page template: index
2021-05-28 19:53:40.274  INFO 12712 --- [    Test worker] s.a.ScheduledAnnotationBeanPostProcessor : No TaskScheduler/ScheduledExecutorService bean found for scheduled processing
2021-05-28 19:53:40.313  INFO 12712 --- [    Test worker] o.s.b.w.embedded.tomcat.TomcatWebServer  : Tomcat started on port(s): 59153 (http) with context path ''
2021-05-28 19:53:40.314  INFO 12712 --- [    Test worker] com.jeonka.web.IndexControllerTest       : Started IndexControllerTest in 6.758 seconds (JVM running for 13.835)
2021-05-28 19:53:40.504  INFO 12712 --- [o-auto-1-exec-1] o.a.c.c.C.[Tomcat].[localhost].[/]       : Initializing Spring DispatcherServlet 'dispatcherServlet'
2021-05-28 19:53:40.504  INFO 12712 --- [o-auto-1-exec-1] o.s.web.servlet.DispatcherServlet        : Initializing Servlet 'dispatcherServlet'
2021-05-28 19:53:40.524  INFO 12712 --- [o-auto-1-exec-1] o.s.web.servlet.DispatcherServlet        : Completed initialization in 19 ms
Hibernate: select posts0_.id as id1_0_, posts0_.created_date as created_2_0_, posts0_.modified_date as modified3_0_, posts0_.author as author4_0_, posts0_.content as content5_0_, posts0_.title as title6_0_ from posts posts0_ order by posts0_.id desc
]]></system-out>
  <system-err><![CDATA[]]></system-err>
</testsuite>
