<?xml version="1.0" encoding="UTF-8"?>
<testsuite name="com.jeonka.domain.posts.PostRepositoryTest" tests="2" skipped="0" failures="0" errors="0" timestamp="2021-05-22T08:45:07" hostname="jeongyeong-an-ui-MacBookAir.local" time="0.097">
  <properties/>
  <testcase name="게시글저장_불러오기" classname="com.jeonka.domain.posts.PostRepositoryTest" time="0.057"/>
  <testcase name="BaseTimeEntity_등록" classname="com.jeonka.domain.posts.PostRepositoryTest" time="0.036"/>
  <system-out><![CDATA[2021-05-22 17:45:05.457  INFO 73801 --- [    Test worker] .b.t.c.SpringBootTestContextBootstrapper : Neither @ContextConfiguration nor @ContextHierarchy found for test class [com.jeonka.domain.posts.PostRepositoryTest], using SpringBootContextLoader
2021-05-22 17:45:05.458  INFO 73801 --- [    Test worker] o.s.t.c.support.AbstractContextLoader    : Could not detect default resource locations for test class [com.jeonka.domain.posts.PostRepositoryTest]: no resource found for suffixes {-context.xml, Context.groovy}.
2021-05-22 17:45:05.459  INFO 73801 --- [    Test worker] t.c.s.AnnotationConfigContextLoaderUtils : Could not detect default configuration classes for test class [com.jeonka.domain.posts.PostRepositoryTest]: PostRepositoryTest does not declare any static, non-private, non-final, nested classes annotated with @Configuration.
2021-05-22 17:45:05.467  INFO 73801 --- [    Test worker] .b.t.c.SpringBootTestContextBootstrapper : Found @SpringBootConfiguration com.jeonka.Application for test class com.jeonka.domain.posts.PostRepositoryTest
2021-05-22 17:45:05.469  INFO 73801 --- [    Test worker] .b.t.c.SpringBootTestContextBootstrapper : Loaded default TestExecutionListener class names from location [META-INF/spring.factories]: [org.springframework.security.test.context.support.WithSecurityContextTestExecutionListener, org.springframework.security.test.context.support.ReactorContextTestExecutionListener, org.springframework.boot.test.autoconfigure.restdocs.RestDocsTestExecutionListener, org.springframework.boot.test.autoconfigure.web.client.MockRestServiceServerResetTestExecutionListener, org.springframework.boot.test.autoconfigure.web.servlet.MockMvcPrintOnlyOnFailureTestExecutionListener, org.springframework.boot.test.autoconfigure.web.servlet.WebDriverTestExecutionListener, org.springframework.boot.test.mock.mockito.MockitoTestExecutionListener, org.springframework.boot.test.mock.mockito.ResetMocksTestExecutionListener, org.springframework.test.context.web.ServletTestExecutionListener, org.springframework.test.context.support.DirtiesContextBeforeModesTestExecutionListener, org.springframework.test.context.support.DependencyInjectionTestExecutionListener, org.springframework.test.context.support.DirtiesContextTestExecutionListener, org.springframework.test.context.transaction.TransactionalTestExecutionListener, org.springframework.test.context.jdbc.SqlScriptsTestExecutionListener]
2021-05-22 17:45:05.470  INFO 73801 --- [    Test worker] .b.t.c.SpringBootTestContextBootstrapper : Using TestExecutionListeners: [org.springframework.test.context.web.ServletTestExecutionListener@14285df7, org.springframework.test.context.support.DirtiesContextBeforeModesTestExecutionListener@53507b58, org.springframework.boot.test.mock.mockito.MockitoTestExecutionListener@12e22ab1, org.springframework.boot.test.autoconfigure.SpringBootDependencyInjectionTestExecutionListener@105c63b5, org.springframework.test.context.support.DirtiesContextTestExecutionListener@46cd53ac, org.springframework.test.context.transaction.TransactionalTestExecutionListener@16977a96, org.springframework.test.context.jdbc.SqlScriptsTestExecutionListener@15236d57, org.springframework.security.test.context.support.WithSecurityContextTestExecutionListener@6611e58d, org.springframework.security.test.context.support.ReactorContextTestExecutionListener@4aed8ad0, org.springframework.boot.test.autoconfigure.restdocs.RestDocsTestExecutionListener@67031ad1, org.springframework.boot.test.autoconfigure.web.client.MockRestServiceServerResetTestExecutionListener@69448ab3, org.springframework.boot.test.autoconfigure.web.servlet.MockMvcPrintOnlyOnFailureTestExecutionListener@90379b, org.springframework.boot.test.autoconfigure.web.servlet.WebDriverTestExecutionListener@268d9653, org.springframework.boot.test.mock.mockito.ResetMocksTestExecutionListener@5927d5c1]

  .   ____          _            __ _ _
 /\\ / ___'_ __ _ _(_)_ __  __ _ \ \ \ \
( ( )\___ | '_ | '_| | '_ \/ _` | \ \ \ \
 \\/  ___)| |_)| | | | | || (_| |  ) ) ) )
  '  |____| .__|_| |_|_| |_\__, | / / / /
 =========|_|==============|___/=/_/_/_/
 :: Spring Boot ::        (v2.1.7.RELEASE)

2021-05-22 17:45:05.510  INFO 73801 --- [    Test worker] c.j.domain.posts.PostRepositoryTest      : Starting PostRepositoryTest on jeongyeong-an-ui-MacBookAir.local with PID 73801 (started by jeonka in /Users/jeonka/github_jeonka1001/CS_Study/springboot/study_springboot_jeonka)
2021-05-22 17:45:05.511  INFO 73801 --- [    Test worker] c.j.domain.posts.PostRepositoryTest      : The following profiles are active: oauth
2021-05-22 17:45:05.840  INFO 73801 --- [    Test worker] .s.d.r.c.RepositoryConfigurationDelegate : Bootstrapping Spring Data repositories in DEFAULT mode.
2021-05-22 17:45:05.874  INFO 73801 --- [    Test worker] .s.d.r.c.RepositoryConfigurationDelegate : Finished Spring Data repository scanning in 33ms. Found 2 repository interfaces.
2021-05-22 17:45:06.020  INFO 73801 --- [    Test worker] trationDelegate$BeanPostProcessorChecker : Bean 'org.springframework.transaction.annotation.ProxyTransactionManagementConfiguration' of type [org.springframework.transaction.annotation.ProxyTransactionManagementConfiguration$$EnhancerBySpringCGLIB$$5d5edbd0] is not eligible for getting processed by all BeanPostProcessors (for example: not eligible for auto-proxying)
2021-05-22 17:45:06.126  INFO 73801 --- [    Test worker] com.zaxxer.hikari.HikariDataSource       : HikariPool-2 - Starting...
2021-05-22 17:45:06.128  INFO 73801 --- [    Test worker] com.zaxxer.hikari.HikariDataSource       : HikariPool-2 - Start completed.
2021-05-22 17:45:06.149  INFO 73801 --- [    Test worker] o.hibernate.jpa.internal.util.LogHelper  : HHH000204: Processing PersistenceUnitInfo [
	name: default
	...]
2021-05-22 17:45:06.158  INFO 73801 --- [    Test worker] org.hibernate.dialect.Dialect            : HHH000400: Using dialect: org.hibernate.dialect.MySQL5InnoDBDialect
Hibernate: drop table if exists posts
Hibernate: drop table if exists user
Hibernate: create table posts (id bigint not null auto_increment, created_date datetime, modified_date datetime, author varchar(255), content TEXT not null, title varchar(500) not null, primary key (id)) engine=InnoDB
Hibernate: create table user (id bigint not null auto_increment, created_date datetime, modified_date datetime, email varchar(255) not null, name varchar(255) not null, picture varchar(255), role varchar(255) not null, primary key (id)) engine=InnoDB
2021-05-22 17:45:06.288  INFO 73801 --- [    Test worker] o.h.t.schema.internal.SchemaCreatorImpl  : HHH000476: Executing import script 'org.hibernate.tool.schema.internal.exec.ScriptSourceInputNonExistentImpl@5716feb8'
2021-05-22 17:45:06.289  INFO 73801 --- [    Test worker] j.LocalContainerEntityManagerFactoryBean : Initialized JPA EntityManagerFactory for persistence unit 'default'
2021-05-22 17:45:06.611  INFO 73801 --- [    Test worker] o.h.h.i.QueryTranslatorFactoryInitiator  : HHH000397: Using ASTQueryTranslatorFactory
2021-05-22 17:45:06.819  INFO 73801 --- [    Test worker] o.s.s.web.DefaultSecurityFilterChain     : Creating filter chain: any request, [org.springframework.security.web.context.request.async.WebAsyncManagerIntegrationFilter@7c4c6dc, org.springframework.security.web.context.SecurityContextPersistenceFilter@551457bb, org.springframework.security.web.header.HeaderWriterFilter@15cd072a, org.springframework.security.web.authentication.logout.LogoutFilter@58be6bc2, org.springframework.security.oauth2.client.web.OAuth2AuthorizationRequestRedirectFilter@4972ae5, org.springframework.security.oauth2.client.web.OAuth2LoginAuthenticationFilter@78cae9d6, org.springframework.security.web.authentication.ui.DefaultLoginPageGeneratingFilter@2fe0480a, org.springframework.security.web.authentication.ui.DefaultLogoutPageGeneratingFilter@35d90a44, org.springframework.security.web.savedrequest.RequestCacheAwareFilter@6d472d65, org.springframework.security.web.servletapi.SecurityContextHolderAwareRequestFilter@10ce83b0, org.springframework.security.web.authentication.AnonymousAuthenticationFilter@824de18, org.springframework.security.web.session.SessionManagementFilter@2f12007b, org.springframework.security.web.access.ExceptionTranslationFilter@39702367, org.springframework.security.web.access.intercept.FilterSecurityInterceptor@29736b93]
2021-05-22 17:45:07.177  INFO 73801 --- [    Test worker] o.s.s.concurrent.ThreadPoolTaskExecutor  : Initializing ExecutorService 'applicationTaskExecutor'
2021-05-22 17:45:07.206  WARN 73801 --- [    Test worker] aWebConfiguration$JpaWebMvcConfiguration : spring.jpa.open-in-view is enabled by default. Therefore, database queries may be performed during view rendering. Explicitly configure spring.jpa.open-in-view to disable this warning
2021-05-22 17:45:07.273  INFO 73801 --- [    Test worker] o.s.b.a.w.s.WelcomePageHandlerMapping    : Adding welcome page template: index
2021-05-22 17:45:07.709  INFO 73801 --- [    Test worker] s.a.ScheduledAnnotationBeanPostProcessor : No TaskScheduler/ScheduledExecutorService bean found for scheduled processing
2021-05-22 17:45:07.715  INFO 73801 --- [    Test worker] c.j.domain.posts.PostRepositoryTest      : Started PostRepositoryTest in 2.242 seconds (JVM running for 17.249)
Hibernate: insert into posts (created_date, modified_date, author, content, title) values (?, ?, ?, ?, ?)
Hibernate: select posts0_.id as id1_0_, posts0_.created_date as created_2_0_, posts0_.modified_date as modified3_0_, posts0_.author as author4_0_, posts0_.content as content5_0_, posts0_.title as title6_0_ from posts posts0_
Hibernate: select posts0_.id as id1_0_, posts0_.created_date as created_2_0_, posts0_.modified_date as modified3_0_, posts0_.author as author4_0_, posts0_.content as content5_0_, posts0_.title as title6_0_ from posts posts0_
Hibernate: delete from posts where id=?
Hibernate: insert into posts (created_date, modified_date, author, content, title) values (?, ?, ?, ?, ?)
Hibernate: select posts0_.id as id1_0_, posts0_.created_date as created_2_0_, posts0_.modified_date as modified3_0_, posts0_.author as author4_0_, posts0_.content as content5_0_, posts0_.title as title6_0_ from posts posts0_
>>>>>>>>>>>>>>>>> createDate = 2021-05-22T17:45:07.793804,  modifiedDate = 2021-05-22T17:45:07.793804
Hibernate: select posts0_.id as id1_0_, posts0_.created_date as created_2_0_, posts0_.modified_date as modified3_0_, posts0_.author as author4_0_, posts0_.content as content5_0_, posts0_.title as title6_0_ from posts posts0_
Hibernate: delete from posts where id=?
]]></system-out>
  <system-err><![CDATA[]]></system-err>
</testsuite>
