<?xml version="1.0" encoding="UTF-8"?>
<testsuite name="com.jeonka.domain.posts.PostRepositoryTest" tests="1" skipped="0" failures="0" errors="0" timestamp="2021-05-04T11:28:58" hostname="jeongyeong-an-ui-MacBookAir.local" time="10.721">
  <properties/>
  <testcase name="BaseTimeEntity_등록" classname="com.jeonka.domain.posts.PostRepositoryTest" time="10.721"/>
  <system-out><![CDATA[20:28:50.630 [Test worker] DEBUG org.springframework.test.context.junit4.SpringJUnit4ClassRunner - SpringJUnit4ClassRunner constructor called with [class com.jeonka.domain.posts.PostRepositoryTest]
20:28:50.648 [Test worker] DEBUG org.springframework.test.context.BootstrapUtils - Instantiating CacheAwareContextLoaderDelegate from class [org.springframework.test.context.cache.DefaultCacheAwareContextLoaderDelegate]
20:28:50.670 [Test worker] DEBUG org.springframework.test.context.BootstrapUtils - Instantiating BootstrapContext using constructor [public org.springframework.test.context.support.DefaultBootstrapContext(java.lang.Class,org.springframework.test.context.CacheAwareContextLoaderDelegate)]
20:28:50.704 [Test worker] DEBUG org.springframework.test.context.BootstrapUtils - Instantiating TestContextBootstrapper for test class [com.jeonka.domain.posts.PostRepositoryTest] from class [org.springframework.boot.test.context.SpringBootTestContextBootstrapper]
20:28:50.723 [Test worker] INFO org.springframework.boot.test.context.SpringBootTestContextBootstrapper - Neither @ContextConfiguration nor @ContextHierarchy found for test class [com.jeonka.domain.posts.PostRepositoryTest], using SpringBootContextLoader
20:28:50.728 [Test worker] DEBUG org.springframework.test.context.support.AbstractContextLoader - Did not detect default resource location for test class [com.jeonka.domain.posts.PostRepositoryTest]: class path resource [com/jeonka/domain/posts/PostRepositoryTest-context.xml] does not exist
20:28:50.728 [Test worker] DEBUG org.springframework.test.context.support.AbstractContextLoader - Did not detect default resource location for test class [com.jeonka.domain.posts.PostRepositoryTest]: class path resource [com/jeonka/domain/posts/PostRepositoryTestContext.groovy] does not exist
20:28:50.728 [Test worker] INFO org.springframework.test.context.support.AbstractContextLoader - Could not detect default resource locations for test class [com.jeonka.domain.posts.PostRepositoryTest]: no resource found for suffixes {-context.xml, Context.groovy}.
20:28:50.731 [Test worker] INFO org.springframework.test.context.support.AnnotationConfigContextLoaderUtils - Could not detect default configuration classes for test class [com.jeonka.domain.posts.PostRepositoryTest]: PostRepositoryTest does not declare any static, non-private, non-final, nested classes annotated with @Configuration.
20:28:50.812 [Test worker] DEBUG org.springframework.test.context.support.ActiveProfilesUtils - Could not find an 'annotation declaring class' for annotation type [org.springframework.test.context.ActiveProfiles] and class [com.jeonka.domain.posts.PostRepositoryTest]
20:28:50.913 [Test worker] DEBUG org.springframework.context.annotation.ClassPathScanningCandidateComponentProvider - Identified candidate component class: file [/Users/jeonka/github_jeonka1001/CS_Study/springboot/study_springboot_jeonka/build/classes/java/main/com/jeonka/Application.class]
20:28:50.915 [Test worker] INFO org.springframework.boot.test.context.SpringBootTestContextBootstrapper - Found @SpringBootConfiguration com.jeonka.Application for test class com.jeonka.domain.posts.PostRepositoryTest
20:28:51.053 [Test worker] DEBUG org.springframework.boot.test.context.SpringBootTestContextBootstrapper - @TestExecutionListeners is not present for class [com.jeonka.domain.posts.PostRepositoryTest]: using defaults.
20:28:51.057 [Test worker] INFO org.springframework.boot.test.context.SpringBootTestContextBootstrapper - Loaded default TestExecutionListener class names from location [META-INF/spring.factories]: [org.springframework.boot.test.autoconfigure.restdocs.RestDocsTestExecutionListener, org.springframework.boot.test.autoconfigure.web.client.MockRestServiceServerResetTestExecutionListener, org.springframework.boot.test.autoconfigure.web.servlet.MockMvcPrintOnlyOnFailureTestExecutionListener, org.springframework.boot.test.autoconfigure.web.servlet.WebDriverTestExecutionListener, org.springframework.boot.test.mock.mockito.MockitoTestExecutionListener, org.springframework.boot.test.mock.mockito.ResetMocksTestExecutionListener, org.springframework.test.context.web.ServletTestExecutionListener, org.springframework.test.context.support.DirtiesContextBeforeModesTestExecutionListener, org.springframework.test.context.support.DependencyInjectionTestExecutionListener, org.springframework.test.context.support.DirtiesContextTestExecutionListener, org.springframework.test.context.transaction.TransactionalTestExecutionListener, org.springframework.test.context.jdbc.SqlScriptsTestExecutionListener]
20:28:51.094 [Test worker] INFO org.springframework.boot.test.context.SpringBootTestContextBootstrapper - Using TestExecutionListeners: [org.springframework.test.context.web.ServletTestExecutionListener@124e4005, org.springframework.test.context.support.DirtiesContextBeforeModesTestExecutionListener@736b7cd4, org.springframework.boot.test.mock.mockito.MockitoTestExecutionListener@3e261c73, org.springframework.boot.test.autoconfigure.SpringBootDependencyInjectionTestExecutionListener@64ad264, org.springframework.test.context.support.DirtiesContextTestExecutionListener@66e4f4c0, org.springframework.test.context.transaction.TransactionalTestExecutionListener@4e41b914, org.springframework.test.context.jdbc.SqlScriptsTestExecutionListener@408ae12b, org.springframework.boot.test.autoconfigure.restdocs.RestDocsTestExecutionListener@1003d2ac, org.springframework.boot.test.autoconfigure.web.client.MockRestServiceServerResetTestExecutionListener@51807698, org.springframework.boot.test.autoconfigure.web.servlet.MockMvcPrintOnlyOnFailureTestExecutionListener@12caeca5, org.springframework.boot.test.autoconfigure.web.servlet.WebDriverTestExecutionListener@5dec46e, org.springframework.boot.test.mock.mockito.ResetMocksTestExecutionListener@bc6e0cb]
20:28:51.101 [Test worker] DEBUG org.springframework.test.annotation.ProfileValueUtils - Retrieved @ProfileValueSourceConfiguration [null] for test class [com.jeonka.domain.posts.PostRepositoryTest]
20:28:51.102 [Test worker] DEBUG org.springframework.test.annotation.ProfileValueUtils - Retrieved ProfileValueSource type [class org.springframework.test.annotation.SystemProfileValueSource] for class [com.jeonka.domain.posts.PostRepositoryTest]
20:28:51.112 [Test worker] DEBUG org.springframework.test.annotation.ProfileValueUtils - Retrieved @ProfileValueSourceConfiguration [null] for test class [com.jeonka.domain.posts.PostRepositoryTest]
20:28:51.112 [Test worker] DEBUG org.springframework.test.annotation.ProfileValueUtils - Retrieved ProfileValueSource type [class org.springframework.test.annotation.SystemProfileValueSource] for class [com.jeonka.domain.posts.PostRepositoryTest]
20:28:51.113 [Test worker] DEBUG org.springframework.test.annotation.ProfileValueUtils - Retrieved @ProfileValueSourceConfiguration [null] for test class [com.jeonka.domain.posts.PostRepositoryTest]
20:28:51.114 [Test worker] DEBUG org.springframework.test.annotation.ProfileValueUtils - Retrieved ProfileValueSource type [class org.springframework.test.annotation.SystemProfileValueSource] for class [com.jeonka.domain.posts.PostRepositoryTest]
20:28:51.125 [Test worker] DEBUG org.springframework.test.context.support.AbstractDirtiesContextTestExecutionListener - Before test class: context [DefaultTestContext@3973ba14 testClass = PostRepositoryTest, testInstance = [null], testMethod = [null], testException = [null], mergedContextConfiguration = [WebMergedContextConfiguration@29323c2c testClass = PostRepositoryTest, locations = '{}', classes = '{class com.jeonka.Application}', contextInitializerClasses = '[]', activeProfiles = '{}', propertySourceLocations = '{}', propertySourceProperties = '{org.springframework.boot.test.context.SpringBootTestContextBootstrapper=true}', contextCustomizers = set[org.springframework.boot.test.autoconfigure.properties.PropertyMappingContextCustomizer@0, org.springframework.boot.test.autoconfigure.web.servlet.WebDriverContextCustomizerFactory$Customizer@166bdaf6, org.springframework.boot.test.context.filter.ExcludeFilterContextCustomizer@51c77c67, org.springframework.boot.test.json.DuplicateJsonObjectContextCustomizerFactory$DuplicateJsonObjectContextCustomizer@5876a376, org.springframework.boot.test.mock.mockito.MockitoContextCustomizer@0, org.springframework.boot.test.web.client.TestRestTemplateContextCustomizer@171c7371], resourceBasePath = 'src/main/webapp', contextLoader = 'org.springframework.boot.test.context.SpringBootContextLoader', parent = [null]], attributes = map['org.springframework.test.context.web.ServletTestExecutionListener.activateListener' -> true]], class annotated with @DirtiesContext [false] with mode [null].
20:28:51.127 [Test worker] DEBUG org.springframework.test.annotation.ProfileValueUtils - Retrieved @ProfileValueSourceConfiguration [null] for test class [com.jeonka.domain.posts.PostRepositoryTest]
20:28:51.127 [Test worker] DEBUG org.springframework.test.annotation.ProfileValueUtils - Retrieved ProfileValueSource type [class org.springframework.test.annotation.SystemProfileValueSource] for class [com.jeonka.domain.posts.PostRepositoryTest]
20:28:51.178 [Test worker] DEBUG org.springframework.test.context.support.TestPropertySourceUtils - Adding inlined properties to environment: {spring.jmx.enabled=false, org.springframework.boot.test.context.SpringBootTestContextBootstrapper=true, server.port=-1}

  .   ____          _            __ _ _
 /\\ / ___'_ __ _ _(_)_ __  __ _ \ \ \ \
( ( )\___ | '_ | '_| | '_ \/ _` | \ \ \ \
 \\/  ___)| |_)| | | | | || (_| |  ) ) ) )
  '  |____| .__|_| |_|_| |_\__, | / / / /
 =========|_|==============|___/=/_/_/_/
 :: Spring Boot ::        (v2.1.7.RELEASE)

2021-05-04 20:28:51.738  INFO 6089 --- [    Test worker] c.j.domain.posts.PostRepositoryTest      : Starting PostRepositoryTest on jeongyeong-an-ui-MacBookAir.local with PID 6089 (started by jeonka in /Users/jeonka/github_jeonka1001/CS_Study/springboot/study_springboot_jeonka)
2021-05-04 20:28:51.741  INFO 6089 --- [    Test worker] c.j.domain.posts.PostRepositoryTest      : No active profile set, falling back to default profiles: default
2021-05-04 20:28:53.031  INFO 6089 --- [    Test worker] .s.d.r.c.RepositoryConfigurationDelegate : Bootstrapping Spring Data repositories in DEFAULT mode.
2021-05-04 20:28:53.177  INFO 6089 --- [    Test worker] .s.d.r.c.RepositoryConfigurationDelegate : Finished Spring Data repository scanning in 127ms. Found 2 repository interfaces.
2021-05-04 20:28:53.763  INFO 6089 --- [    Test worker] trationDelegate$BeanPostProcessorChecker : Bean 'org.springframework.transaction.annotation.ProxyTransactionManagementConfiguration' of type [org.springframework.transaction.annotation.ProxyTransactionManagementConfiguration$$EnhancerBySpringCGLIB$$94d774b3] is not eligible for getting processed by all BeanPostProcessors (for example: not eligible for auto-proxying)
2021-05-04 20:28:54.083  INFO 6089 --- [    Test worker] com.zaxxer.hikari.HikariDataSource       : HikariPool-1 - Starting...
2021-05-04 20:28:54.405  INFO 6089 --- [    Test worker] com.zaxxer.hikari.HikariDataSource       : HikariPool-1 - Start completed.
2021-05-04 20:28:54.560  INFO 6089 --- [    Test worker] o.hibernate.jpa.internal.util.LogHelper  : HHH000204: Processing PersistenceUnitInfo [
	name: default
	...]
2021-05-04 20:28:54.737  INFO 6089 --- [    Test worker] org.hibernate.Version                    : HHH000412: Hibernate Core {5.3.10.Final}
2021-05-04 20:28:54.740  INFO 6089 --- [    Test worker] org.hibernate.cfg.Environment            : HHH000206: hibernate.properties not found
2021-05-04 20:28:55.135  INFO 6089 --- [    Test worker] o.hibernate.annotations.common.Version   : HCANN000001: Hibernate Commons Annotations {5.0.4.Final}
2021-05-04 20:28:55.396  INFO 6089 --- [    Test worker] org.hibernate.dialect.Dialect            : HHH000400: Using dialect: org.hibernate.dialect.MySQL5InnoDBDialect
Hibernate: drop table if exists member
Hibernate: drop table if exists posts
Hibernate: create table member (id bigint not null auto_increment, email varchar(50) not null, nick_name varchar(15) not null, password varchar(16) not null, primary key (id)) engine=InnoDB
Hibernate: create table posts (id bigint not null auto_increment, created_date datetime, modified_date datetime, author varchar(255), content TEXT not null, title varchar(500) not null, primary key (id)) engine=InnoDB
2021-05-04 20:28:56.581  INFO 6089 --- [    Test worker] o.h.t.schema.internal.SchemaCreatorImpl  : HHH000476: Executing import script 'org.hibernate.tool.schema.internal.exec.ScriptSourceInputNonExistentImpl@7d4e712a'
2021-05-04 20:28:56.588  INFO 6089 --- [    Test worker] j.LocalContainerEntityManagerFactoryBean : Initialized JPA EntityManagerFactory for persistence unit 'default'
2021-05-04 20:28:57.893  INFO 6089 --- [    Test worker] o.s.s.concurrent.ThreadPoolTaskExecutor  : Initializing ExecutorService 'applicationTaskExecutor'
2021-05-04 20:28:57.976  WARN 6089 --- [    Test worker] aWebConfiguration$JpaWebMvcConfiguration : spring.jpa.open-in-view is enabled by default. Therefore, database queries may be performed during view rendering. Explicitly configure spring.jpa.open-in-view to disable this warning
2021-05-04 20:28:58.367  INFO 6089 --- [    Test worker] c.j.domain.posts.PostRepositoryTest      : Started PostRepositoryTest in 7.172 seconds (JVM running for 8.811)
Hibernate: insert into posts (created_date, modified_date, author, content, title) values (?, ?, ?, ?, ?)
2021-05-04 20:29:08.780  INFO 6089 --- [    Test worker] o.h.h.i.QueryTranslatorFactoryInitiator  : HHH000397: Using ASTQueryTranslatorFactory
Hibernate: select posts0_.id as id1_1_, posts0_.created_date as created_2_1_, posts0_.modified_date as modified3_1_, posts0_.author as author4_1_, posts0_.content as content5_1_, posts0_.title as title6_1_ from posts posts0_
>>>>>>>>>>>>>>>>> createDate = 2021-05-04T20:28:58.643844,  modifiedDate = 2021-05-04T20:28:58.643844
Hibernate: select posts0_.id as id1_1_, posts0_.created_date as created_2_1_, posts0_.modified_date as modified3_1_, posts0_.author as author4_1_, posts0_.content as content5_1_, posts0_.title as title6_1_ from posts posts0_
Hibernate: delete from posts where id=?
]]></system-out>
  <system-err><![CDATA[]]></system-err>
</testsuite>
