<?xml version="1.0" encoding="UTF-8"?>
<testsuite name="com.jeonka.web.MemberApiControllerTest" tests="1" skipped="0" failures="0" errors="0" timestamp="2021-05-03T12:35:37" hostname="jeongyeong-an-ui-MacBookAir.local" time="1.215">
  <properties/>
  <testcase name="Member_수정테스트" classname="com.jeonka.web.MemberApiControllerTest" time="1.215"/>
  <system-out><![CDATA[21:35:29.608 [Test worker] DEBUG org.springframework.test.context.junit4.SpringJUnit4ClassRunner - SpringJUnit4ClassRunner constructor called with [class com.jeonka.web.MemberApiControllerTest]
21:35:29.621 [Test worker] DEBUG org.springframework.test.context.BootstrapUtils - Instantiating CacheAwareContextLoaderDelegate from class [org.springframework.test.context.cache.DefaultCacheAwareContextLoaderDelegate]
21:35:29.635 [Test worker] DEBUG org.springframework.test.context.BootstrapUtils - Instantiating BootstrapContext using constructor [public org.springframework.test.context.support.DefaultBootstrapContext(java.lang.Class,org.springframework.test.context.CacheAwareContextLoaderDelegate)]
21:35:29.659 [Test worker] DEBUG org.springframework.test.context.BootstrapUtils - Instantiating TestContextBootstrapper for test class [com.jeonka.web.MemberApiControllerTest] from class [org.springframework.boot.test.context.SpringBootTestContextBootstrapper]
21:35:29.676 [Test worker] INFO org.springframework.boot.test.context.SpringBootTestContextBootstrapper - Neither @ContextConfiguration nor @ContextHierarchy found for test class [com.jeonka.web.MemberApiControllerTest], using SpringBootContextLoader
21:35:29.683 [Test worker] DEBUG org.springframework.test.context.support.AbstractContextLoader - Did not detect default resource location for test class [com.jeonka.web.MemberApiControllerTest]: class path resource [com/jeonka/web/MemberApiControllerTest-context.xml] does not exist
21:35:29.685 [Test worker] DEBUG org.springframework.test.context.support.AbstractContextLoader - Did not detect default resource location for test class [com.jeonka.web.MemberApiControllerTest]: class path resource [com/jeonka/web/MemberApiControllerTestContext.groovy] does not exist
21:35:29.685 [Test worker] INFO org.springframework.test.context.support.AbstractContextLoader - Could not detect default resource locations for test class [com.jeonka.web.MemberApiControllerTest]: no resource found for suffixes {-context.xml, Context.groovy}.
21:35:29.687 [Test worker] INFO org.springframework.test.context.support.AnnotationConfigContextLoaderUtils - Could not detect default configuration classes for test class [com.jeonka.web.MemberApiControllerTest]: MemberApiControllerTest does not declare any static, non-private, non-final, nested classes annotated with @Configuration.
21:35:29.754 [Test worker] DEBUG org.springframework.test.context.support.ActiveProfilesUtils - Could not find an 'annotation declaring class' for annotation type [org.springframework.test.context.ActiveProfiles] and class [com.jeonka.web.MemberApiControllerTest]
21:35:29.894 [Test worker] DEBUG org.springframework.context.annotation.ClassPathScanningCandidateComponentProvider - Identified candidate component class: file [/Users/jeonka/github_jeonka1001/CS_Study/springboot/study_springboot_jeonka/build/classes/java/main/com/jeonka/Application.class]
21:35:29.897 [Test worker] INFO org.springframework.boot.test.context.SpringBootTestContextBootstrapper - Found @SpringBootConfiguration com.jeonka.Application for test class com.jeonka.web.MemberApiControllerTest
21:35:30.310 [Test worker] DEBUG org.springframework.boot.test.context.SpringBootTestContextBootstrapper - @TestExecutionListeners is not present for class [com.jeonka.web.MemberApiControllerTest]: using defaults.
21:35:30.312 [Test worker] INFO org.springframework.boot.test.context.SpringBootTestContextBootstrapper - Loaded default TestExecutionListener class names from location [META-INF/spring.factories]: [org.springframework.boot.test.autoconfigure.restdocs.RestDocsTestExecutionListener, org.springframework.boot.test.autoconfigure.web.client.MockRestServiceServerResetTestExecutionListener, org.springframework.boot.test.autoconfigure.web.servlet.MockMvcPrintOnlyOnFailureTestExecutionListener, org.springframework.boot.test.autoconfigure.web.servlet.WebDriverTestExecutionListener, org.springframework.boot.test.mock.mockito.MockitoTestExecutionListener, org.springframework.boot.test.mock.mockito.ResetMocksTestExecutionListener, org.springframework.test.context.web.ServletTestExecutionListener, org.springframework.test.context.support.DirtiesContextBeforeModesTestExecutionListener, org.springframework.test.context.support.DependencyInjectionTestExecutionListener, org.springframework.test.context.support.DirtiesContextTestExecutionListener, org.springframework.test.context.transaction.TransactionalTestExecutionListener, org.springframework.test.context.jdbc.SqlScriptsTestExecutionListener]
21:35:30.341 [Test worker] INFO org.springframework.boot.test.context.SpringBootTestContextBootstrapper - Using TestExecutionListeners: [org.springframework.test.context.web.ServletTestExecutionListener@70766395, org.springframework.test.context.support.DirtiesContextBeforeModesTestExecutionListener@726ae4b0, org.springframework.boot.test.mock.mockito.MockitoTestExecutionListener@2d0390bb, org.springframework.boot.test.autoconfigure.SpringBootDependencyInjectionTestExecutionListener@338a35dd, org.springframework.test.context.support.DirtiesContextTestExecutionListener@70a392f2, org.springframework.test.context.transaction.TransactionalTestExecutionListener@5549b732, org.springframework.test.context.jdbc.SqlScriptsTestExecutionListener@64fe6368, org.springframework.boot.test.autoconfigure.restdocs.RestDocsTestExecutionListener@6b886f7, org.springframework.boot.test.autoconfigure.web.client.MockRestServiceServerResetTestExecutionListener@6ae0a0d0, org.springframework.boot.test.autoconfigure.web.servlet.MockMvcPrintOnlyOnFailureTestExecutionListener@72886a99, org.springframework.boot.test.autoconfigure.web.servlet.WebDriverTestExecutionListener@657aa283, org.springframework.boot.test.mock.mockito.ResetMocksTestExecutionListener@27b71fe5]
21:35:30.346 [Test worker] DEBUG org.springframework.test.annotation.ProfileValueUtils - Retrieved @ProfileValueSourceConfiguration [null] for test class [com.jeonka.web.MemberApiControllerTest]
21:35:30.346 [Test worker] DEBUG org.springframework.test.annotation.ProfileValueUtils - Retrieved ProfileValueSource type [class org.springframework.test.annotation.SystemProfileValueSource] for class [com.jeonka.web.MemberApiControllerTest]
21:35:30.355 [Test worker] DEBUG org.springframework.test.annotation.ProfileValueUtils - Retrieved @ProfileValueSourceConfiguration [null] for test class [com.jeonka.web.MemberApiControllerTest]
21:35:30.356 [Test worker] DEBUG org.springframework.test.annotation.ProfileValueUtils - Retrieved ProfileValueSource type [class org.springframework.test.annotation.SystemProfileValueSource] for class [com.jeonka.web.MemberApiControllerTest]
21:35:30.357 [Test worker] DEBUG org.springframework.test.annotation.ProfileValueUtils - Retrieved @ProfileValueSourceConfiguration [null] for test class [com.jeonka.web.MemberApiControllerTest]
21:35:30.357 [Test worker] DEBUG org.springframework.test.annotation.ProfileValueUtils - Retrieved ProfileValueSource type [class org.springframework.test.annotation.SystemProfileValueSource] for class [com.jeonka.web.MemberApiControllerTest]
21:35:30.366 [Test worker] DEBUG org.springframework.test.context.support.AbstractDirtiesContextTestExecutionListener - Before test class: context [DefaultTestContext@51b035f7 testClass = MemberApiControllerTest, testInstance = [null], testMethod = [null], testException = [null], mergedContextConfiguration = [WebMergedContextConfiguration@405999df testClass = MemberApiControllerTest, locations = '{}', classes = '{class com.jeonka.Application}', contextInitializerClasses = '[]', activeProfiles = '{}', propertySourceLocations = '{}', propertySourceProperties = '{org.springframework.boot.test.context.SpringBootTestContextBootstrapper=true, server.port=0}', contextCustomizers = set[org.springframework.boot.test.autoconfigure.properties.PropertyMappingContextCustomizer@0, org.springframework.boot.test.autoconfigure.web.servlet.WebDriverContextCustomizerFactory$Customizer@d2d2eb8, org.springframework.boot.test.context.filter.ExcludeFilterContextCustomizer@66927b54, org.springframework.boot.test.json.DuplicateJsonObjectContextCustomizerFactory$DuplicateJsonObjectContextCustomizer@a81a980, org.springframework.boot.test.mock.mockito.MockitoContextCustomizer@0, org.springframework.boot.test.web.client.TestRestTemplateContextCustomizer@797ccd8a], resourceBasePath = 'src/main/webapp', contextLoader = 'org.springframework.boot.test.context.SpringBootContextLoader', parent = [null]], attributes = map['org.springframework.test.context.web.ServletTestExecutionListener.activateListener' -> false]], class annotated with @DirtiesContext [false] with mode [null].
21:35:30.367 [Test worker] DEBUG org.springframework.test.annotation.ProfileValueUtils - Retrieved @ProfileValueSourceConfiguration [null] for test class [com.jeonka.web.MemberApiControllerTest]
21:35:30.368 [Test worker] DEBUG org.springframework.test.annotation.ProfileValueUtils - Retrieved ProfileValueSource type [class org.springframework.test.annotation.SystemProfileValueSource] for class [com.jeonka.web.MemberApiControllerTest]
21:35:30.381 [Test worker] DEBUG org.springframework.test.context.support.DependencyInjectionTestExecutionListener - Performing dependency injection for test context [[DefaultTestContext@51b035f7 testClass = MemberApiControllerTest, testInstance = com.jeonka.web.MemberApiControllerTest@42e64af8, testMethod = [null], testException = [null], mergedContextConfiguration = [WebMergedContextConfiguration@405999df testClass = MemberApiControllerTest, locations = '{}', classes = '{class com.jeonka.Application}', contextInitializerClasses = '[]', activeProfiles = '{}', propertySourceLocations = '{}', propertySourceProperties = '{org.springframework.boot.test.context.SpringBootTestContextBootstrapper=true, server.port=0}', contextCustomizers = set[org.springframework.boot.test.autoconfigure.properties.PropertyMappingContextCustomizer@0, org.springframework.boot.test.autoconfigure.web.servlet.WebDriverContextCustomizerFactory$Customizer@d2d2eb8, org.springframework.boot.test.context.filter.ExcludeFilterContextCustomizer@66927b54, org.springframework.boot.test.json.DuplicateJsonObjectContextCustomizerFactory$DuplicateJsonObjectContextCustomizer@a81a980, org.springframework.boot.test.mock.mockito.MockitoContextCustomizer@0, org.springframework.boot.test.web.client.TestRestTemplateContextCustomizer@797ccd8a], resourceBasePath = 'src/main/webapp', contextLoader = 'org.springframework.boot.test.context.SpringBootContextLoader', parent = [null]], attributes = map['org.springframework.test.context.web.ServletTestExecutionListener.activateListener' -> false]]].
21:35:30.434 [Test worker] DEBUG org.springframework.test.context.support.TestPropertySourceUtils - Adding inlined properties to environment: {spring.jmx.enabled=false, org.springframework.boot.test.context.SpringBootTestContextBootstrapper=true, server.port=0}

  .   ____          _            __ _ _
 /\\ / ___'_ __ _ _(_)_ __  __ _ \ \ \ \
( ( )\___ | '_ | '_| | '_ \/ _` | \ \ \ \
 \\/  ___)| |_)| | | | | || (_| |  ) ) ) )
  '  |____| .__|_| |_|_| |_\__, | / / / /
 =========|_|==============|___/=/_/_/_/
 :: Spring Boot ::        (v2.1.7.RELEASE)

2021-05-03 21:35:31.144  INFO 80016 --- [    Test worker] com.jeonka.web.MemberApiControllerTest   : Starting MemberApiControllerTest on DESKTOP-V17L6M9.localdomain with PID 80016 (started by jeonka in /Users/jeonka/github_jeonka1001/CS_Study/springboot/study_springboot_jeonka)
2021-05-03 21:35:31.146  INFO 80016 --- [    Test worker] com.jeonka.web.MemberApiControllerTest   : No active profile set, falling back to default profiles: default
2021-05-03 21:35:32.337  INFO 80016 --- [    Test worker] .s.d.r.c.RepositoryConfigurationDelegate : Bootstrapping Spring Data repositories in DEFAULT mode.
2021-05-03 21:35:32.509  INFO 80016 --- [    Test worker] .s.d.r.c.RepositoryConfigurationDelegate : Finished Spring Data repository scanning in 154ms. Found 2 repository interfaces.
2021-05-03 21:35:33.115  INFO 80016 --- [    Test worker] trationDelegate$BeanPostProcessorChecker : Bean 'org.springframework.transaction.annotation.ProxyTransactionManagementConfiguration' of type [org.springframework.transaction.annotation.ProxyTransactionManagementConfiguration$$EnhancerBySpringCGLIB$$1bd42165] is not eligible for getting processed by all BeanPostProcessors (for example: not eligible for auto-proxying)
2021-05-03 21:35:33.672  INFO 80016 --- [    Test worker] o.s.b.w.embedded.tomcat.TomcatWebServer  : Tomcat initialized with port(s): 0 (http)
2021-05-03 21:35:33.730  INFO 80016 --- [    Test worker] o.apache.catalina.core.StandardService   : Starting service [Tomcat]
2021-05-03 21:35:33.730  INFO 80016 --- [    Test worker] org.apache.catalina.core.StandardEngine  : Starting Servlet engine: [Apache Tomcat/9.0.22]
2021-05-03 21:35:33.921  INFO 80016 --- [    Test worker] o.a.c.c.C.[Tomcat].[localhost].[/]       : Initializing Spring embedded WebApplicationContext
2021-05-03 21:35:33.921  INFO 80016 --- [    Test worker] o.s.web.context.ContextLoader            : Root WebApplicationContext: initialization completed in 2736 ms
2021-05-03 21:35:34.367  INFO 80016 --- [    Test worker] com.zaxxer.hikari.HikariDataSource       : HikariPool-1 - Starting...
2021-05-03 21:35:34.604  INFO 80016 --- [    Test worker] com.zaxxer.hikari.HikariDataSource       : HikariPool-1 - Start completed.
2021-05-03 21:35:34.742  INFO 80016 --- [    Test worker] o.hibernate.jpa.internal.util.LogHelper  : HHH000204: Processing PersistenceUnitInfo [
	name: default
	...]
2021-05-03 21:35:34.880  INFO 80016 --- [    Test worker] org.hibernate.Version                    : HHH000412: Hibernate Core {5.3.10.Final}
2021-05-03 21:35:34.883  INFO 80016 --- [    Test worker] org.hibernate.cfg.Environment            : HHH000206: hibernate.properties not found
2021-05-03 21:35:35.105  INFO 80016 --- [    Test worker] o.hibernate.annotations.common.Version   : HCANN000001: Hibernate Commons Annotations {5.0.4.Final}
2021-05-03 21:35:35.314  INFO 80016 --- [    Test worker] org.hibernate.dialect.Dialect            : HHH000400: Using dialect: org.hibernate.dialect.MySQL5InnoDBDialect
Hibernate: drop table if exists member
Hibernate: drop table if exists posts
Hibernate: create table member (id bigint not null auto_increment, email varchar(50) not null, nick_name varchar(15) not null, password varchar(16) not null, primary key (id)) engine=InnoDB
Hibernate: create table posts (id bigint not null auto_increment, author varchar(255), content TEXT not null, title varchar(500) not null, primary key (id)) engine=InnoDB
2021-05-03 21:35:36.292  INFO 80016 --- [    Test worker] o.h.t.schema.internal.SchemaCreatorImpl  : HHH000476: Executing import script 'org.hibernate.tool.schema.internal.exec.ScriptSourceInputNonExistentImpl@1a59d06b'
2021-05-03 21:35:36.298  INFO 80016 --- [    Test worker] j.LocalContainerEntityManagerFactoryBean : Initialized JPA EntityManagerFactory for persistence unit 'default'
2021-05-03 21:35:37.283  INFO 80016 --- [    Test worker] o.s.s.concurrent.ThreadPoolTaskExecutor  : Initializing ExecutorService 'applicationTaskExecutor'
2021-05-03 21:35:37.396  WARN 80016 --- [    Test worker] aWebConfiguration$JpaWebMvcConfiguration : spring.jpa.open-in-view is enabled by default. Therefore, database queries may be performed during view rendering. Explicitly configure spring.jpa.open-in-view to disable this warning
2021-05-03 21:35:37.852  INFO 80016 --- [    Test worker] o.s.b.w.embedded.tomcat.TomcatWebServer  : Tomcat started on port(s): 50485 (http) with context path ''
2021-05-03 21:35:37.858  INFO 80016 --- [    Test worker] com.jeonka.web.MemberApiControllerTest   : Started MemberApiControllerTest in 7.419 seconds (JVM running for 9.302)
Hibernate: insert into member (email, nick_name, password) values (?, ?, ?)
2021-05-03 21:35:38.387  INFO 80016 --- [o-auto-1-exec-1] o.a.c.c.C.[Tomcat].[localhost].[/]       : Initializing Spring DispatcherServlet 'dispatcherServlet'
2021-05-03 21:35:38.387  INFO 80016 --- [o-auto-1-exec-1] o.s.web.servlet.DispatcherServlet        : Initializing Servlet 'dispatcherServlet'
2021-05-03 21:35:38.416  INFO 80016 --- [o-auto-1-exec-1] o.s.web.servlet.DispatcherServlet        : Completed initialization in 28 ms
Hibernate: select member0_.id as id1_0_0_, member0_.email as email2_0_0_, member0_.nick_name as nick_nam3_0_0_, member0_.password as password4_0_0_ from member member0_ where member0_.id=?
Hibernate: update member set email=?, nick_name=?, password=? where id=?
2021-05-03 21:35:38.872  INFO 80016 --- [    Test worker] o.h.h.i.QueryTranslatorFactoryInitiator  : HHH000397: Using ASTQueryTranslatorFactory
Hibernate: select member0_.id as id1_0_, member0_.email as email2_0_, member0_.nick_name as nick_nam3_0_, member0_.password as password4_0_ from member member0_
Hibernate: select member0_.id as id1_0_, member0_.email as email2_0_, member0_.nick_name as nick_nam3_0_, member0_.password as password4_0_ from member member0_
Hibernate: delete from member where id=?
]]></system-out>
  <system-err><![CDATA[]]></system-err>
</testsuite>
