<?xml version="1.0" encoding="UTF-8"?>
<testsuite name="com.jeonka.domain.posts.PostRepositoryTest" tests="2" skipped="0" failures="0" errors="0" timestamp="2021-05-28T10:53:42" hostname="jeongyeong-an-ui-MacBookAir.local" time="0.048">
  <properties/>
  <testcase name="게시글저장_불러오기" classname="com.jeonka.domain.posts.PostRepositoryTest" time="0.03"/>
  <testcase name="BaseTimeEntity_등록" classname="com.jeonka.domain.posts.PostRepositoryTest" time="0.017"/>
  <system-out><![CDATA[2021-05-28 19:53:41.094  INFO 12712 --- [    Test worker] .b.t.c.SpringBootTestContextBootstrapper : Neither @ContextConfiguration nor @ContextHierarchy found for test class [com.jeonka.domain.posts.PostRepositoryTest], using SpringBootContextLoader
2021-05-28 19:53:41.095  INFO 12712 --- [    Test worker] o.s.t.c.support.AbstractContextLoader    : Could not detect default resource locations for test class [com.jeonka.domain.posts.PostRepositoryTest]: no resource found for suffixes {-context.xml, Context.groovy}.
2021-05-28 19:53:41.095  INFO 12712 --- [    Test worker] t.c.s.AnnotationConfigContextLoaderUtils : Could not detect default configuration classes for test class [com.jeonka.domain.posts.PostRepositoryTest]: PostRepositoryTest does not declare any static, non-private, non-final, nested classes annotated with @Configuration.
2021-05-28 19:53:41.107  INFO 12712 --- [    Test worker] .b.t.c.SpringBootTestContextBootstrapper : Found @SpringBootConfiguration com.jeonka.Application for test class com.jeonka.domain.posts.PostRepositoryTest
2021-05-28 19:53:41.109  INFO 12712 --- [    Test worker] .b.t.c.SpringBootTestContextBootstrapper : Loaded default TestExecutionListener class names from location [META-INF/spring.factories]: [org.springframework.security.test.context.support.WithSecurityContextTestExecutionListener, org.springframework.security.test.context.support.ReactorContextTestExecutionListener, org.springframework.boot.test.autoconfigure.restdocs.RestDocsTestExecutionListener, org.springframework.boot.test.autoconfigure.web.client.MockRestServiceServerResetTestExecutionListener, org.springframework.boot.test.autoconfigure.web.servlet.MockMvcPrintOnlyOnFailureTestExecutionListener, org.springframework.boot.test.autoconfigure.web.servlet.WebDriverTestExecutionListener, org.springframework.boot.test.mock.mockito.MockitoTestExecutionListener, org.springframework.boot.test.mock.mockito.ResetMocksTestExecutionListener, org.springframework.test.context.web.ServletTestExecutionListener, org.springframework.test.context.support.DirtiesContextBeforeModesTestExecutionListener, org.springframework.test.context.support.DependencyInjectionTestExecutionListener, org.springframework.test.context.support.DirtiesContextTestExecutionListener, org.springframework.test.context.transaction.TransactionalTestExecutionListener, org.springframework.test.context.jdbc.SqlScriptsTestExecutionListener]
2021-05-28 19:53:41.110  INFO 12712 --- [    Test worker] .b.t.c.SpringBootTestContextBootstrapper : Using TestExecutionListeners: [org.springframework.test.context.web.ServletTestExecutionListener@4e2cffe, org.springframework.test.context.support.DirtiesContextBeforeModesTestExecutionListener@1122039b, org.springframework.boot.test.mock.mockito.MockitoTestExecutionListener@1341712f, org.springframework.boot.test.autoconfigure.SpringBootDependencyInjectionTestExecutionListener@43ed0a08, org.springframework.test.context.support.DirtiesContextTestExecutionListener@5162b0b4, org.springframework.test.context.transaction.TransactionalTestExecutionListener@505d4fd8, org.springframework.test.context.jdbc.SqlScriptsTestExecutionListener@488d94f5, org.springframework.security.test.context.support.WithSecurityContextTestExecutionListener@639b7aa6, org.springframework.security.test.context.support.ReactorContextTestExecutionListener@27b88171, org.springframework.boot.test.autoconfigure.restdocs.RestDocsTestExecutionListener@1da139d1, org.springframework.boot.test.autoconfigure.web.client.MockRestServiceServerResetTestExecutionListener@392f3cac, org.springframework.boot.test.autoconfigure.web.servlet.MockMvcPrintOnlyOnFailureTestExecutionListener@1d93f65, org.springframework.boot.test.autoconfigure.web.servlet.WebDriverTestExecutionListener@62099526, org.springframework.boot.test.mock.mockito.ResetMocksTestExecutionListener@76f25707]

  .   ____          _            __ _ _
 /\\ / ___'_ __ _ _(_)_ __  __ _ \ \ \ \
( ( )\___ | '_ | '_| | '_ \/ _` | \ \ \ \
 \\/  ___)| |_)| | | | | || (_| |  ) ) ) )
  '  |____| .__|_| |_|_| |_\__, | / / / /
 =========|_|==============|___/=/_/_/_/
 :: Spring Boot ::        (v2.1.7.RELEASE)

2021-05-28 19:53:41.147  INFO 12712 --- [    Test worker] c.j.domain.posts.PostRepositoryTest      : Starting PostRepositoryTest on jeongyeong-an-ui-MacBookAir.local with PID 12712 (started by jeonka in /Users/jeonka/github_jeonka1001/CS_Study/springboot/study_springboot_jeonka)
2021-05-28 19:53:41.150  INFO 12712 --- [    Test worker] c.j.domain.posts.PostRepositoryTest      : The following profiles are active: oauth
2021-05-28 19:53:41.518  INFO 12712 --- [    Test worker] .s.d.r.c.RepositoryConfigurationDelegate : Bootstrapping Spring Data repositories in DEFAULT mode.
2021-05-28 19:53:41.543  INFO 12712 --- [    Test worker] .s.d.r.c.RepositoryConfigurationDelegate : Finished Spring Data repository scanning in 25ms. Found 2 repository interfaces.
2021-05-28 19:53:41.677  INFO 12712 --- [    Test worker] trationDelegate$BeanPostProcessorChecker : Bean 'org.springframework.transaction.annotation.ProxyTransactionManagementConfiguration' of type [org.springframework.transaction.annotation.ProxyTransactionManagementConfiguration$$EnhancerBySpringCGLIB$$42652ae2] is not eligible for getting processed by all BeanPostProcessors (for example: not eligible for auto-proxying)
2021-05-28 19:53:41.759  INFO 12712 --- [    Test worker] com.zaxxer.hikari.HikariDataSource       : HikariPool-2 - Starting...
2021-05-28 19:53:41.762  INFO 12712 --- [    Test worker] com.zaxxer.hikari.HikariDataSource       : HikariPool-2 - Start completed.
2021-05-28 19:53:41.785  INFO 12712 --- [    Test worker] o.hibernate.jpa.internal.util.LogHelper  : HHH000204: Processing PersistenceUnitInfo [
	name: default
	...]
2021-05-28 19:53:41.795  INFO 12712 --- [    Test worker] org.hibernate.dialect.Dialect            : HHH000400: Using dialect: org.hibernate.dialect.MySQL5InnoDBDialect
Hibernate: drop table if exists posts
Hibernate: drop table if exists user
Hibernate: create table posts (id bigint not null auto_increment, created_date datetime, modified_date datetime, author varchar(255), content TEXT not null, title varchar(500) not null, primary key (id)) engine=InnoDB
Hibernate: create table user (id bigint not null auto_increment, created_date datetime, modified_date datetime, email varchar(255) not null, name varchar(255) not null, picture varchar(255), role varchar(255) not null, primary key (id)) engine=InnoDB
2021-05-28 19:53:41.863  INFO 12712 --- [    Test worker] o.h.t.schema.internal.SchemaCreatorImpl  : HHH000476: Executing import script 'org.hibernate.tool.schema.internal.exec.ScriptSourceInputNonExistentImpl@63e9d730'
2021-05-28 19:53:41.863  INFO 12712 --- [    Test worker] j.LocalContainerEntityManagerFactoryBean : Initialized JPA EntityManagerFactory for persistence unit 'default'
2021-05-28 19:53:42.069  INFO 12712 --- [    Test worker] o.h.h.i.QueryTranslatorFactoryInitiator  : HHH000397: Using ASTQueryTranslatorFactory
2021-05-28 19:53:42.206  INFO 12712 --- [    Test worker] o.s.s.web.DefaultSecurityFilterChain     : Creating filter chain: any request, [org.springframework.security.web.context.request.async.WebAsyncManagerIntegrationFilter@6674ffc8, org.springframework.security.web.context.SecurityContextPersistenceFilter@5e8995db, org.springframework.security.web.header.HeaderWriterFilter@63616f46, org.springframework.security.web.authentication.logout.LogoutFilter@6e39b449, org.springframework.security.oauth2.client.web.OAuth2AuthorizationRequestRedirectFilter@180b770c, org.springframework.security.oauth2.client.web.OAuth2LoginAuthenticationFilter@4db1e4e5, org.springframework.security.web.authentication.ui.DefaultLoginPageGeneratingFilter@7c0cd15e, org.springframework.security.web.authentication.ui.DefaultLogoutPageGeneratingFilter@2786a028, org.springframework.security.web.savedrequest.RequestCacheAwareFilter@7ba2b802, org.springframework.security.web.servletapi.SecurityContextHolderAwareRequestFilter@13d1f36f, org.springframework.security.web.authentication.AnonymousAuthenticationFilter@647610c3, org.springframework.security.web.session.SessionManagementFilter@4d645ad9, org.springframework.security.web.access.ExceptionTranslationFilter@5c4f2820, org.springframework.security.web.access.intercept.FilterSecurityInterceptor@49b1104e]
2021-05-28 19:53:42.550  INFO 12712 --- [    Test worker] o.s.s.concurrent.ThreadPoolTaskExecutor  : Initializing ExecutorService 'applicationTaskExecutor'
2021-05-28 19:53:42.567  WARN 12712 --- [    Test worker] aWebConfiguration$JpaWebMvcConfiguration : spring.jpa.open-in-view is enabled by default. Therefore, database queries may be performed during view rendering. Explicitly configure spring.jpa.open-in-view to disable this warning
2021-05-28 19:53:42.598  INFO 12712 --- [    Test worker] o.s.b.a.w.s.WelcomePageHandlerMapping    : Adding welcome page template: index
2021-05-28 19:53:42.962  INFO 12712 --- [    Test worker] s.a.ScheduledAnnotationBeanPostProcessor : No TaskScheduler/ScheduledExecutorService bean found for scheduled processing
2021-05-28 19:53:42.964  INFO 12712 --- [    Test worker] c.j.domain.posts.PostRepositoryTest      : Started PostRepositoryTest in 1.85 seconds (JVM running for 16.484)
Hibernate: insert into posts (created_date, modified_date, author, content, title) values (?, ?, ?, ?, ?)
Hibernate: select posts0_.id as id1_0_, posts0_.created_date as created_2_0_, posts0_.modified_date as modified3_0_, posts0_.author as author4_0_, posts0_.content as content5_0_, posts0_.title as title6_0_ from posts posts0_
Hibernate: select posts0_.id as id1_0_, posts0_.created_date as created_2_0_, posts0_.modified_date as modified3_0_, posts0_.author as author4_0_, posts0_.content as content5_0_, posts0_.title as title6_0_ from posts posts0_
Hibernate: delete from posts where id=?
Hibernate: insert into posts (created_date, modified_date, author, content, title) values (?, ?, ?, ?, ?)
Hibernate: select posts0_.id as id1_0_, posts0_.created_date as created_2_0_, posts0_.modified_date as modified3_0_, posts0_.author as author4_0_, posts0_.content as content5_0_, posts0_.title as title6_0_ from posts posts0_
>>>>>>>>>>>>>>>>> createDate = 2021-05-28T19:53:43.004524,  modifiedDate = 2021-05-28T19:53:43.004524
Hibernate: select posts0_.id as id1_0_, posts0_.created_date as created_2_0_, posts0_.modified_date as modified3_0_, posts0_.author as author4_0_, posts0_.content as content5_0_, posts0_.title as title6_0_ from posts posts0_
Hibernate: delete from posts where id=?
]]></system-out>
  <system-err><![CDATA[]]></system-err>
</testsuite>
